==============================
*** Open Babel Warning  in Init
  Cannot initialize database 'space-groups.txt' which may cause further errors.
              _             
             (_)            
   __ _ _ __  _ _ __   __ _ 
  / _` | '_ \| | '_ \ / _` |
 | (_| | | | | | | | | (_| |
  \__, |_| |_|_|_| |_|\__,_|
   __/ |                    
  |___/                     

gnina v1.3 master:97fa6bc+   Built Oct  3 2024.
gnina is based on smina and AutoDock Vina.
Please cite appropriately.

Commandline: /home/lelaihoangson/ProDock/gnina/gnina --receptor /home/lelaihoangson/gnina/project/PD1/processed_protein/PD1.pdb --ligand /home/lelaihoangson/gnina/project/PD1/ligands/peptide_3_minimized.sdf --autobox_ligand /home/lelaihoangson/gnina/project/PD1/results_raw/peptide_3/peptide_3_2.sdf --out /home/lelaihoangson/gnina/project/PD1/results_local/peptide_3_2.sdf --flexdist_ligand /home/lelaihoangson/gnina/project/PD1/results_raw/peptide_3/peptide_3_2.sdf --seed 42 --num_modes 100 --autobox_add 5 --pose_sort_order Energy --exhaustiveness 256
Using random seed: 42

0%   10   20   30   40   50   60   70   80   90   100%
|----|----|----|----|----|----|----|----|----|----|
***************************************************
peptide_3.sdf | pose 0 | initial pose not within box

mode |  affinity  |  intramol  |    CNN     |   CNN
     | (kcal/mol) | (kcal/mol) | pose score | affinity
-----+------------+------------+------------+----------
    1       -7.58       -2.28       0.0252      6.162
    2       -7.56       -1.69       0.0131      6.164
    3       -7.32       -2.82       0.0511      6.562
    4       -7.32       -1.22       0.0199      6.127
    5       -7.29       -3.43       0.0440      6.454
    6       -7.26       -2.02       0.0175      6.024
    7       -7.14       -2.17       0.0542      6.760
    8       -7.00       -2.41       0.0202      6.053
    9       -6.96       -2.55       0.0317      6.499
   10       -6.96       -2.12       0.0274      5.966
   11       -6.93       -2.68       0.0269      6.139
   12       -6.89       -2.85       0.0124      5.772
   13       -6.84       -1.81       0.0212      6.617
   14       -6.80       -2.39       0.0235      6.245
   15       -6.80       -2.88       0.0448      6.273
   16       -6.74       -1.91       0.0208      6.543
   17       -6.56       -1.91       0.0116      6.334
   18       -6.56       -1.99       0.0179      6.507
   19       -6.48       -1.94       0.0154      6.395
   20       -6.48       -2.91       0.0208      6.548
   21       -6.47       -0.93       0.0037      5.518
   22       -6.41       -2.60       0.0124      5.622
   23       -6.40       -1.93       0.0255      6.332
   24       -6.39        0.14       0.0325      5.989
   25       -6.38       -2.48       0.0241      6.405
   26       -6.35       -2.85       0.0225      6.333
   27       -6.33       -2.68       0.0186      6.298
   28       -6.32       -3.65       0.0117      5.640
   29       -6.25       -1.93       0.0403      6.102
   30       -6.23       -3.01       0.0468      6.821
   31       -6.21       -3.76       0.0193      5.850
   32       -6.19       -3.03       0.0237      5.838
   33       -6.19       -1.39       0.0287      6.110
   34       -6.19       -1.04       0.0242      5.529
   35       -6.19       -2.55       0.0376      6.377
   36       -6.19       -3.84       0.0342      6.519
   37       -6.18       -2.43       0.0203      6.324
   38       -6.17       -2.32       0.0275      6.461
   39       -6.16       -1.98       0.0955      7.053
   40       -6.15       -1.84       0.0432      6.515
   41       -6.15       -3.71       0.0372      6.562
   42       -6.13       -2.74       0.0135      6.042
   43       -6.12       -2.81       0.0311      6.299
   44       -6.12       -3.18       0.0391      6.799
   45       -6.09       -2.40       0.0434      6.312
   46       -6.09       -1.63       0.0483      6.818
   47       -6.07       -2.46       0.0347      6.253
   48       -6.07       -2.53       0.0222      6.066
   49       -6.07       -2.48       0.0304      6.249
   50       -6.06       -2.30       0.0365      6.985
   51       -6.06       -2.58       0.0147      6.526
   52       -6.04       -2.81       0.0211      6.227
   53       -6.04       -2.54       0.0242      6.721
   54       -6.01       -2.78       0.0422      6.109
   55       -6.01       -3.46       0.0166      6.029
   56       -6.01       -2.86       0.0446      7.415
   57       -5.99       -4.15       0.0193      6.452
   58       -5.99       -3.40       0.0136      5.998
   59       -5.98       -3.79       0.0131      6.284
   60       -5.96       -1.87       0.0280      6.399
   61       -5.94       -3.42       0.0622      7.125
   62       -5.93       -1.19       0.0172      6.068
   63       -5.92       -3.60       0.0416      6.994
   64       -5.91       -3.17       0.0135      6.183
   65       -5.89       -3.13       0.0428      6.985
   66       -5.88       -2.98       0.0208      6.439
   67       -5.87       -3.04       0.0217      5.614
   68       -5.86       -4.10       0.0275      6.633
   69       -5.82       -2.81       0.0722      6.615
   70       -5.82       -1.67       0.0818      6.542
   71       -5.79       -2.98       0.0459      6.368
   72       -5.79       -2.45       0.0368      6.394
   73       -5.78       -2.89       0.0338      5.998
   74       -5.77       -3.37       0.0364      6.913
   75       -5.77       -3.67       0.0121      5.484
   76       -5.77       -3.24       0.0158      6.498
   77       -5.77       -2.58       0.0542      6.428
   78       -5.74       -2.78       0.0151      5.682
   79       -5.74       -3.93       0.0363      6.545
   80       -5.74       -0.92       0.0197      6.364
   81       -5.73       -2.06       0.0560      6.163
   82       -5.71       -4.40       0.0452      6.047
   83       -5.71       -3.65       0.0628      6.290
   84       -5.66       -2.85       0.0583      7.385
   85       -5.66       -1.68       0.0546      5.963
   86       -5.65       -3.29       0.0305      6.005
   87       -5.65       -2.53       0.0081      6.471
   88       -5.63       -2.59       0.1192      7.145
   89       -5.63       -0.96       0.0605      6.729
   90       -5.63       -2.14       0.0138      6.273
   91       -5.59       -3.13       0.0360      7.233
   92       -5.59       -2.84       0.0252      6.212
   93       -5.59       -2.67       0.0480      5.769
   94       -5.53       -2.37       0.0142      6.364
   95       -5.50       -3.12       0.0320      6.133
