==============================
*** Open Babel Warning  in Init
  Cannot initialize database 'space-groups.txt' which may cause further errors.
              _             
             (_)            
   __ _ _ __  _ _ __   __ _ 
  / _` | '_ \| | '_ \ / _` |
 | (_| | | | | | | | | (_| |
  \__, |_| |_|_|_| |_|\__,_|
   __/ |                    
  |___/                     

gnina v1.3 master:97fa6bc+   Built Oct  3 2024.
gnina is based on smina and AutoDock Vina.
Please cite appropriately.

Commandline: /home/lelaihoangson/ProDock/gnina/gnina --receptor /home/lelaihoangson/gnina/project/PD1/processed_protein/PD1.pdb --ligand /home/lelaihoangson/gnina/project/PD1/ligands/peptide_3_minimized.sdf --autobox_ligand /home/lelaihoangson/gnina/project/PD1/results_raw/peptide_3/peptide_3_11.sdf --out /home/lelaihoangson/gnina/project/PD1/results_local/peptide_3_11.sdf --flexdist_ligand /home/lelaihoangson/gnina/project/PD1/results_raw/peptide_3/peptide_3_11.sdf --seed 42 --num_modes 100 --autobox_add 5 --pose_sort_order Energy --exhaustiveness 256
Using random seed: 42

0%   10   20   30   40   50   60   70   80   90   100%
|----|----|----|----|----|----|----|----|----|----|
***************************************************
peptide_3.sdf | pose 0 | initial pose not within box

mode |  affinity  |  intramol  |    CNN     |   CNN
     | (kcal/mol) | (kcal/mol) | pose score | affinity
-----+------------+------------+------------+----------
    1       -7.15       -2.31       0.0073      5.484
    2       -7.06       -3.02       0.0053      5.425
    3       -7.03       -2.35       0.0090      5.820
    4       -7.02       -1.10       0.0065      5.666
    5       -7.00       -2.39       0.0104      5.105
    6       -6.92       -2.96       0.0082      5.711
    7       -6.90       -1.67       0.0111      5.313
    8       -6.88       -1.87       0.0115      5.241
    9       -6.88       -1.60       0.0058      5.063
   10       -6.79       -3.57       0.0177      6.458
   11       -6.78        0.78       0.0114      5.212
   12       -6.78       -2.73       0.0085      5.186
   13       -6.77       -4.37       0.0153      5.435
   14       -6.76       -3.72       0.0106      5.275
   15       -6.76       -2.50       0.0407      6.129
   16       -6.74       -3.50       0.0151      5.532
   17       -6.72       -3.11       0.0282      6.131
   18       -6.67        0.54       0.0423      6.176
   19       -6.66       -1.75       0.0230      5.671
   20       -6.65       -2.99       0.0154      5.632
   21       -6.64       -3.24       0.0077      4.881
   22       -6.63       -3.39       0.0124      5.111
   23       -6.63       -2.26       0.0130      5.346
   24       -6.63       -4.11       0.0121      5.205
   25       -6.60       -2.18       0.0580      6.197
   26       -6.56       -2.35       0.0053      5.331
   27       -6.55       -1.17       0.0336      5.941
   28       -6.52       -3.05       0.0025      5.134
   29       -6.51       -3.46       0.0108      5.137
   30       -6.49       -2.37       0.0229      5.896
   31       -6.48       -2.56       0.0133      5.048
   32       -6.44       -2.63       0.0102      5.104
   33       -6.44       -2.36       0.0150      5.687
   34       -6.44       -4.03       0.0206      5.533
   35       -6.42       -2.87       0.0362      6.334
   36       -6.41       -3.86       0.0159      5.401
   37       -6.41       -3.39       0.0206      5.399
   38       -6.38       -2.46       0.0097      5.109
   39       -6.38       -2.68       0.0096      5.417
   40       -6.38       -2.89       0.0203      6.363
   41       -6.36       -1.26       0.0132      5.463
   42       -6.36       -3.42       0.0166      6.097
   43       -6.34       -0.67       0.0070      5.191
   44       -6.34       -3.35       0.0221      5.325
   45       -6.34       -0.69       0.0044      5.518
   46       -6.32       -3.63       0.0462      6.217
   47       -6.32       -2.73       0.0047      4.933
   48       -6.32       -4.16       0.0496      6.253
   49       -6.30       -2.72       0.0507      5.845
   50       -6.29       -2.17       0.0624      6.119
   51       -6.26       -3.05       0.0187      6.363
   52       -6.26       -3.82       0.0460      5.730
   53       -6.25       -0.71       0.0079      5.580
   54       -6.23       -3.14       0.0105      5.974
   55       -6.22       -3.43       0.0234      5.453
   56       -6.19       -2.04       0.0094      5.526
   57       -6.17       -4.00       0.0141      5.073
   58       -6.16       -1.54       0.0048      5.551
   59       -6.15       -3.10       0.0141      5.841
   60       -6.14       -2.27       0.0212      5.558
   61       -6.13       -2.61       0.0160      5.468
   62       -6.13       -3.33       0.0171      6.007
   63       -6.12       -3.58       0.0491      5.829
   64       -6.11       -2.98       0.0228      5.438
   65       -6.11       -1.65       0.0070      5.723
   66       -6.11       -2.71       0.0140      5.425
   67       -6.10       -2.93       0.0454      6.653
   68       -6.10       -2.11       0.0159      5.028
   69       -6.09       -3.42       0.0134      5.502
   70       -6.06       -2.09       0.0109      5.593
   71       -6.04       -3.41       0.0164      5.599
   72       -6.03       -1.49       0.0208      5.339
   73       -6.03       -1.81       0.0157      5.384
   74       -6.02       -3.27       0.0199      6.135
   75       -6.00       -3.65       0.0226      5.894
   76       -5.98       -2.97       0.0130      5.289
   77       -5.97       -2.80       0.0088      4.971
   78       -5.96       -2.76       0.0140      5.245
   79       -5.90       -2.56       0.0406      5.881
   80       -5.90       -2.23       0.0150      6.183
   81       -5.87       -0.77       0.0135      5.505
   82       -5.87       -3.45       0.0193      5.413
   83       -5.86       -3.31       0.0147      5.423
   84       -5.86       -4.09       0.0214      5.352
   85       -5.86       -4.00       0.0319      5.496
   86       -5.84       -3.05       0.0161      5.899
   87       -5.84       -3.65       0.0196      4.988
   88       -5.83       -2.56       0.0150      5.415
   89       -5.83       -0.79       0.0097      5.361
   90       -5.82       -2.67       0.0194      5.759
   91       -5.82       -3.34       0.0213      5.690
   92       -5.80       -3.10       0.0136      5.398
   93       -5.77       -2.79       0.0105      5.867
   94       -5.77       -3.66       0.0200      6.151
