==============================
*** Open Babel Warning  in Init
  Cannot initialize database 'space-groups.txt' which may cause further errors.
              _             
             (_)            
   __ _ _ __  _ _ __   __ _ 
  / _` | '_ \| | '_ \ / _` |
 | (_| | | | | | | | | (_| |
  \__, |_| |_|_|_| |_|\__,_|
   __/ |                    
  |___/                     

gnina v1.3 master:97fa6bc+   Built Oct  3 2024.
gnina is based on smina and AutoDock Vina.
Please cite appropriately.

Commandline: /home/lelaihoangson/ProDock/gnina/gnina --receptor /home/lelaihoangson/gnina/project/PD1/processed_protein/PD1.pdb --ligand /home/lelaihoangson/gnina/project/PD1/ligands/peptide_3_minimized.sdf --autobox_ligand /home/lelaihoangson/gnina/project/PD1/results_raw/peptide_3/peptide_3_5.sdf --out /home/lelaihoangson/gnina/project/PD1/results_local/peptide_3_5.sdf --flexdist_ligand /home/lelaihoangson/gnina/project/PD1/results_raw/peptide_3/peptide_3_5.sdf --seed 42 --num_modes 100 --autobox_add 5 --pose_sort_order Energy --exhaustiveness 256
Using random seed: 42

0%   10   20   30   40   50   60   70   80   90   100%
|----|----|----|----|----|----|----|----|----|----|
***************************************************
peptide_3.sdf | pose 0 | initial pose not within box

mode |  affinity  |  intramol  |    CNN     |   CNN
     | (kcal/mol) | (kcal/mol) | pose score | affinity
-----+------------+------------+------------+----------
    1       -7.38       -2.55       0.0325      7.002
    2       -7.30       -1.27       0.0586      7.200
    3       -7.25       -1.61       0.0283      6.815
    4       -6.97       -2.42       0.0373      7.107
    5       -6.95       -2.48       0.0126      5.884
    6       -6.93       -2.84       0.0152      5.471
    7       -6.91       -3.18       0.0356      6.968
    8       -6.89       -1.88       0.0221      6.599
    9       -6.88       -3.00       0.0403      7.087
   10       -6.71        0.14       0.0412      7.069
   11       -6.70       -2.37       0.0190      6.207
   12       -6.67       -2.83       0.0130      5.772
   13       -6.53       -2.73       0.0203      5.813
   14       -6.49       -3.08       0.0074      5.597
   15       -6.49       -3.47       0.0430      6.971
   16       -6.47       -2.85       0.0096      5.809
   17       -6.44       -1.63       0.0306      6.431
   18       -6.42       -2.75       0.0115      6.273
   19       -6.41       -1.68       0.0177      7.010
   20       -6.41       -4.25       0.0393      6.239
   21       -6.40       -3.59       0.0089      6.076
   22       -6.39       -3.53       0.0132      5.488
   23       -6.38       -2.39       0.0231      6.496
   24       -6.38       -0.47       0.0152      5.841
   25       -6.35       -1.53       0.0112      5.942
   26       -6.34       -3.20       0.0226      6.836
   27       -6.33       -3.39       0.0074      5.605
   28       -6.32       -2.65       0.0158      6.159
   29       -6.28       -0.26       0.0195      6.050
   30       -6.28       -1.88       0.0038      5.546
   31       -6.27       -2.18       0.0222      5.587
   32       -6.27       -2.72       0.0175      6.683
   33       -6.27       -3.46       0.0309      6.319
   34       -6.26       -1.38       0.0095      5.679
   35       -6.26       -1.75       0.0318      6.337
   36       -6.25       -2.96       0.0318      7.070
   37       -6.24       -3.83       0.0211      5.258
   38       -6.24       -3.52       0.0075      5.834
   39       -6.23       -3.00       0.0158      5.465
   40       -6.23       -2.72       0.0070      6.439
   41       -6.17       -3.53       0.0219      7.025
   42       -6.15       -3.18       0.0317      6.328
   43       -6.12       -3.42       0.0179      6.878
   44       -6.10       -2.02       0.0115      5.704
   45       -6.09       -2.61       0.0156      6.751
   46       -6.09       -2.18       0.0613      7.394
   47       -6.08       -4.23       0.0123      6.075
   48       -6.07       -3.73       0.0497      7.082
   49       -6.06       -2.70       0.0119      6.221
   50       -6.06       -1.04       0.0064      5.734
   51       -6.06       -2.47       0.0425      6.585
   52       -6.03       -2.89       0.0369      6.600
   53       -6.03       -1.70       0.0159      6.019
   54       -6.03       -2.98       0.0151      5.872
   55       -6.02       -2.94       0.0065      5.273
   56       -6.02       -2.67       0.0385      7.269
   57       -6.02       -4.27       0.0583      7.179
   58       -6.00       -3.43       0.0204      6.047
   59       -6.00       -3.93       0.0231      6.596
   60       -5.99       -1.25       0.0073      5.296
   61       -5.99       -1.31       0.0124      5.778
   62       -5.98       -2.70       0.0665      6.386
   63       -5.98       -3.22       0.0436      6.038
   64       -5.96       -1.80       0.0269      6.290
   65       -5.95       -2.55       0.0168      5.969
   66       -5.95       -2.35       0.0057      5.265
   67       -5.95       -2.72       0.0159      6.322
   68       -5.95       -2.37       0.0677      5.789
   69       -5.95       -2.99       0.0215      6.778
   70       -5.94       -3.06       0.0246      6.016
   71       -5.93       -2.56       0.0112      5.593
   72       -5.92       -2.59       0.0220      6.600
   73       -5.91       -3.25       0.0267      6.690
   74       -5.91       -2.60       0.0230      6.600
   75       -5.90       -3.10       0.0222      6.628
   76       -5.89       -3.99       0.0254      5.963
   77       -5.88       -3.79       0.0272      6.193
   78       -5.86       -3.07       0.0178      6.479
   79       -5.85       -3.35       0.0413      5.448
   80       -5.85       -3.81       0.0188      5.781
   81       -5.83       -2.21       0.0325      6.810
   82       -5.83       -3.38       0.0068      5.429
   83       -5.82       -3.11       0.0110      5.540
   84       -5.81       -0.26       0.0089      6.079
   85       -5.81       -2.51       0.0325      5.446
   86       -5.79       -2.31       0.0481      6.189
   87       -5.79       -4.01       0.0082      5.246
   88       -5.79       -3.05       0.0170      7.054
   89       -5.76       -2.79       0.0314      6.670
   90       -5.76       -3.56       0.0266      6.436
   91       -5.76       -1.83       0.0186      6.343
   92       -5.75       -3.28       0.0074      5.684
   93       -5.71       -1.21       0.0476      5.971
   94       -5.70       -2.60       0.0350      5.388
   95       -5.68       -3.93       0.0284      6.654
   96       -5.59       -3.78       0.0212      5.678
   97       -5.44       -2.56       0.0209      5.314
