==============================
*** Open Babel Warning  in Init
  Cannot initialize database 'space-groups.txt' which may cause further errors.
              _             
             (_)            
   __ _ _ __  _ _ __   __ _ 
  / _` | '_ \| | '_ \ / _` |
 | (_| | | | | | | | | (_| |
  \__, |_| |_|_|_| |_|\__,_|
   __/ |                    
  |___/                     

gnina v1.3 master:97fa6bc+   Built Oct  3 2024.
gnina is based on smina and AutoDock Vina.
Please cite appropriately.

Commandline: /home/lelaihoangson/ProDock/gnina/gnina --receptor /home/lelaihoangson/gnina/project/PD1/processed_protein/PD1.pdb --ligand /home/lelaihoangson/gnina/project/PD1/ligands/peptide_3_minimized.sdf --autobox_ligand /home/lelaihoangson/gnina/project/PD1/results_raw/peptide_3/peptide_3_1.sdf --out /home/lelaihoangson/gnina/project/PD1/results_local/peptide_3_1.sdf --flexdist_ligand /home/lelaihoangson/gnina/project/PD1/results_raw/peptide_3/peptide_3_1.sdf --seed 42 --num_modes 100 --autobox_add 5 --pose_sort_order Energy --exhaustiveness 256
Using random seed: 42

0%   10   20   30   40   50   60   70   80   90   100%
|----|----|----|----|----|----|----|----|----|----|
***************************************************
peptide_3.sdf | pose 0 | initial pose not within box

mode |  affinity  |  intramol  |    CNN     |   CNN
     | (kcal/mol) | (kcal/mol) | pose score | affinity
-----+------------+------------+------------+----------
    1       -7.91       -2.47       0.0212      5.587
    2       -7.89       -2.08       0.0213      5.523
    3       -7.83       -1.77       0.0241      5.524
    4       -7.64       -1.88       0.0226      5.713
    5       -7.44       -2.43       0.0348      5.697
    6       -7.37       -1.36       0.0202      5.621
    7       -7.36       -2.43       0.0315      5.790
    8       -7.29       -2.31       0.0272      5.774
    9       -7.26       -0.73       0.0207      5.642
   10       -7.20       -1.79       0.0148      5.225
   11       -7.17       -2.30       0.0238      5.715
   12       -6.92       -1.91       0.0339      5.735
   13       -6.90       -2.76       0.0295      5.705
   14       -6.90       -2.53       0.0420      5.822
   15       -6.88       -2.68       0.0155      5.488
   16       -6.82       -3.78       0.0205      6.228
   17       -6.79       -2.40       0.0289      5.614
   18       -6.78       -3.62       0.0266      5.600
   19       -6.75       -3.36       0.0277      5.899
   20       -6.71       -3.01       0.0262      5.337
   21       -6.70       -2.65       0.0159      5.303
   22       -6.68       -2.31       0.0276      5.558
   23       -6.61       -1.43       0.0202      4.779
   24       -6.55       -3.27       0.0146      5.493
   25       -6.54       -3.45       0.0234      5.687
   26       -6.53       -3.43       0.0391      6.095
   27       -6.44       -3.34       0.0168      4.917
   28       -6.37       -1.45       0.0223      5.425
   29       -6.37       -3.39       0.0201      5.430
   30       -6.36       -1.82       0.0159      5.428
   31       -6.35       -1.43       0.0149      5.271
   32       -6.34       -2.46       0.0152      5.067
   33       -6.34       -2.91       0.0089      4.609
   34       -6.32       -2.54       0.0189      4.773
   35       -6.31       -2.66       0.0140      4.764
   36       -6.31       -3.61       0.0286      4.679
   37       -6.30       -1.67       0.0088      4.364
   38       -6.28       -2.89       0.0083      4.905
   39       -6.26       -3.74       0.0159      5.428
   40       -6.22       -3.01       0.0117      4.710
   41       -6.18       -1.95       0.0160      5.714
   42       -6.17       -2.66       0.0313      5.315
   43       -6.17       -2.05       0.0191      4.884
   44       -6.16       -3.05       0.0151      4.802
   45       -6.15       -3.18       0.0277      5.747
   46       -6.14       -2.39       0.0428      5.415
   47       -6.14       -2.44       0.0100      4.910
   48       -6.14       -3.53       0.0164      4.984
   49       -6.11       -2.64       0.0255      5.662
   50       -6.10       -3.39       0.0151      5.070
   51       -6.10       -1.31       0.0135      5.395
   52       -6.10       -3.14       0.0136      5.245
   53       -6.07       -2.76       0.0331      5.046
   54       -6.07       -0.77       0.0148      4.666
   55       -6.04       -0.85       0.0202      5.521
   56       -6.03       -4.01       0.0270      5.443
   57       -6.03       -3.01       0.0128      4.725
   58       -6.03       -3.59       0.0371      5.704
   59       -6.01       -3.29       0.0085      4.903
   60       -6.01       -3.79       0.0265      5.529
   61       -6.00       -1.68       0.0122      5.174
   62       -5.99       -3.19       0.0340      6.027
   63       -5.99       -3.66       0.0356      5.408
   64       -5.98       -1.65       0.0249      5.269
   65       -5.98       -2.51       0.0220      5.312
   66       -5.98       -4.20       0.0170      5.427
   67       -5.97        2.18       0.0160      5.345
   68       -5.97       -3.25       0.0322      5.481
   69       -5.97       -3.21       0.0317      5.230
   70       -5.96       -3.23       0.0286      5.431
   71       -5.94       -3.88       0.0198      4.690
   72       -5.92       -3.32       0.0497      5.240
   73       -5.92       -2.64       0.0146      5.484
   74       -5.91       -2.98       0.0219      5.302
   75       -5.91       -2.91       0.0373      5.760
   76       -5.90       -1.79       0.0199      4.859
   77       -5.89       -1.04       0.0260      5.693
   78       -5.86       -4.08       0.0377      6.073
   79       -5.84       -2.83       0.0220      5.481
   80       -5.84       -1.96       0.0156      5.401
   81       -5.83       -2.64       0.0246      4.580
   82       -5.82       -2.64       0.0190      5.069
   83       -5.81       -1.59       0.0243      4.896
   84       -5.80       -3.16       0.0347      5.878
   85       -5.80       -2.87       0.0245      4.930
   86       -5.78       -2.01       0.0138      5.151
   87       -5.77       -2.91       0.0140      4.849
   88       -5.72       -3.38       0.0223      5.114
   89       -5.70       -3.12       0.0223      5.130
   90       -5.64       -2.16       0.0135      4.625
   91       -5.64       -1.73       0.0195      6.180
   92       -5.62       -3.19       0.0609      5.653
   93       -5.60       -1.92       0.0095      5.017
   94       -5.59       -3.43       0.0263      5.479
   95       -5.55       -2.48       0.0357      5.751
   96       -5.54       -2.39       0.0139      5.292
