==============================
*** Open Babel Warning  in Init
  Cannot initialize database 'space-groups.txt' which may cause further errors.
              _             
             (_)            
   __ _ _ __  _ _ __   __ _ 
  / _` | '_ \| | '_ \ / _` |
 | (_| | | | | | | | | (_| |
  \__, |_| |_|_|_| |_|\__,_|
   __/ |                    
  |___/                     

gnina v1.3 master:97fa6bc+   Built Oct  3 2024.
gnina is based on smina and AutoDock Vina.
Please cite appropriately.

Commandline: /home/lelaihoangson/ProDock/gnina/gnina --receptor /home/lelaihoangson/gnina/project/PD1/processed_protein/PD1.pdb --ligand /home/lelaihoangson/gnina/project/PD1/ligands/peptide_2_minimized.sdf --autobox_ligand /home/lelaihoangson/gnina/project/PD1/results_raw/peptide_2/petide_2_36.sdf --out /home/lelaihoangson/gnina/project/PD1/results_local/petide_2_36.sdf --flexdist_ligand /home/lelaihoangson/gnina/project/PD1/results_raw/peptide_2/petide_2_36.sdf --seed 42 --num_modes 100 --autobox_add 5 --pose_sort_order Energy --exhaustiveness 256
Using random seed: 42

0%   10   20   30   40   50   60   70   80   90   100%
|----|----|----|----|----|----|----|----|----|----|
***************************************************
peptide_2_NH.sdf | pose 0 | initial pose not within box

mode |  affinity  |  intramol  |    CNN     |   CNN
     | (kcal/mol) | (kcal/mol) | pose score | affinity
-----+------------+------------+------------+----------
    1       -6.94        0.12       0.0341      5.601
    2       -6.90       -0.06       0.0418      6.691
    3       -6.87        0.14       0.0331      5.746
    4       -6.85       -1.09       0.0128      5.062
    5       -6.83       -3.11       0.0105      5.221
    6       -6.82       -1.66       0.0150      5.348
    7       -6.75       -1.15       0.0288      6.273
    8       -6.74       -2.46       0.0188      5.340
    9       -6.73       -1.70       0.0205      6.369
   10       -6.72       -0.84       0.0208      5.944
   11       -6.71       -2.10       0.0207      5.952
   12       -6.68       -1.22       0.0168      5.078
   13       -6.68       -0.45       0.0511      5.826
   14       -6.66       -1.41       0.0177      5.391
   15       -6.64       -0.89       0.0243      5.250
   16       -6.62       -3.09       0.0137      5.732
   17       -6.61       -3.76       0.0134      5.419
   18       -6.60        7.95       0.0251      6.069
   19       -6.57       -2.98       0.0166      5.318
   20       -6.53       -2.39       0.0211      5.282
   21       -6.53        3.67       0.0633      7.125
   22       -6.47       -1.50       0.0183      6.008
   23       -6.47       -0.03       0.0266      5.997
   24       -6.42       -1.53       0.0259      5.946
   25       -6.41       -0.38       0.0170      6.438
   26       -6.39       -1.32       0.0259      5.596
   27       -6.38       -1.50       0.0373      5.753
   28       -6.36       -2.88       0.0176      5.375
   29       -6.35        2.63       0.0274      5.726
   30       -6.33       -4.07       0.0095      6.218
   31       -6.31       -1.39       0.0119      6.513
   32       -6.31       -2.44       0.0120      5.793
   33       -6.30       -2.11       0.0178      5.461
   34       -6.30       -2.82       0.0109      4.635
   35       -6.29       -3.29       0.0132      5.008
   36       -6.28       -3.85       0.0197      5.058
   37       -6.22       -1.43       0.0293      5.448
   38       -6.21       -2.59       0.0202      5.513
   39       -6.20       -2.02       0.0276      5.195
   40       -6.19       -0.98       0.0250      5.352
   41       -6.19       -1.14       0.0214      5.319
   42       -6.19       -4.10       0.0217      5.984
   43       -6.18       -1.94       0.0290      5.706
   44       -6.17       -2.87       0.0099      4.942
   45       -6.16       -2.93       0.0133      4.501
   46       -6.15       -1.65       0.0167      5.018
   47       -6.14       -1.13       0.0308      5.647
   48       -6.14       -2.39       0.0190      5.929
   49       -6.11       -3.24       0.0186      5.863
   50       -6.08        0.64       0.0328      5.466
   51       -6.07       -2.79       0.0085      4.903
   52       -6.07       -2.37       0.0126      5.695
   53       -6.05       -2.63       0.0234      5.713
   54       -6.04       -3.81       0.0121      5.140
   55       -6.03       -1.94       0.0159      4.700
   56       -6.02       -1.27       0.0196      5.320
   57       -6.02       -0.66       0.0297      5.080
   58       -5.98       -2.35       0.0287      6.413
   59       -5.98       -1.77       0.0324      6.512
   60       -5.97       -3.15       0.0358      5.693
   61       -5.97       -2.40       0.0110      4.734
   62       -5.94       -1.83       0.0317      5.939
   63       -5.92        0.13       0.0179      6.024
   64       -5.89       -2.25       0.0266      5.643
   65       -5.85       -0.92       0.0594      6.702
   66       -5.85       -1.90       0.0106      5.319
   67       -5.84       -3.11       0.0156      5.120
   68       -5.84        0.57       0.0291      5.206
   69       -5.83       -1.42       0.0141      5.424
   70       -5.81       -3.15       0.0120      4.729
   71       -5.81        3.15       0.0394      5.539
   72       -5.80       -2.19       0.0147      5.227
   73       -5.80       -3.59       0.0221      5.629
   74       -5.76        1.24       0.0136      6.199
   75       -5.76       -2.25       0.0184      5.175
   76       -5.75       -2.39       0.0273      5.809
   77       -5.74       -1.58       0.0651      6.385
   78       -5.74       -4.05       0.0290      6.018
   79       -5.72       -3.08       0.0156      4.668
   80       -5.71        2.76       0.0465      6.160
   81       -5.70       -2.30       0.0468      5.733
   82       -5.70       -0.22       0.0278      5.640
   83       -5.67       -2.82       0.0183      5.123
   84       -5.67       -0.72       0.0111      5.525
   85       -5.66       -1.20       0.0502      6.964
   86       -5.65       -2.67       0.0224      5.258
   87       -5.65       -3.82       0.0199      5.692
   88       -5.65       -0.87       0.0122      4.852
   89       -5.65       -2.03       0.0323      5.687
   90       -5.62        0.49       0.0243      6.140
   91       -5.61       -2.89       0.0309      5.916
   92       -5.55       -3.40       0.0122      4.784
   93       -3.58        0.34       0.0888      5.953
