==============================
*** Open Babel Warning  in Init
  Cannot initialize database 'space-groups.txt' which may cause further errors.
              _             
             (_)            
   __ _ _ __  _ _ __   __ _ 
  / _` | '_ \| | '_ \ / _` |
 | (_| | | | | | | | | (_| |
  \__, |_| |_|_|_| |_|\__,_|
   __/ |                    
  |___/                     

gnina v1.3 master:97fa6bc+   Built Oct  3 2024.
gnina is based on smina and AutoDock Vina.
Please cite appropriately.

Commandline: /home/lelaihoangson/ProDock/gnina/gnina --receptor /home/lelaihoangson/gnina/project/PD1/processed_protein/PD1.pdb --ligand /home/lelaihoangson/gnina/project/PD1/ligands/peptide_2_minimized.sdf --autobox_ligand /home/lelaihoangson/gnina/project/PD1/results_raw/peptide_2/petide_2_14.sdf --out /home/lelaihoangson/gnina/project/PD1/results_local/petide_2_14.sdf --flexdist_ligand /home/lelaihoangson/gnina/project/PD1/results_raw/peptide_2/petide_2_14.sdf --seed 42 --num_modes 100 --autobox_add 5 --pose_sort_order Energy --exhaustiveness 256
Using random seed: 42

0%   10   20   30   40   50   60   70   80   90   100%
|----|----|----|----|----|----|----|----|----|----|
***************************************************
peptide_2_NH.sdf | pose 0 | initial pose not within box

mode |  affinity  |  intramol  |    CNN     |   CNN
     | (kcal/mol) | (kcal/mol) | pose score | affinity
-----+------------+------------+------------+----------
    1       -7.28       -2.22       0.0499      5.868
    2       -7.02       -1.72       0.0723      6.243
    3       -6.92       -1.61       0.0501      5.893
    4       -6.85       -1.94       0.0865      6.426
    5       -6.84       -0.70       0.0160      6.071
    6       -6.84       -2.19       0.1590      7.529
    7       -6.83       -1.99       0.0773      6.176
    8       -6.83       -1.87       0.0852      6.597
    9       -6.82       -0.76       0.0796      5.740
   10       -6.78       -0.83       0.0724      5.961
   11       -6.77        2.34       0.0885      5.806
   12       -6.74       -1.46       0.0325      5.459
   13       -6.74       -2.65       0.0910      6.670
   14       -6.74       -1.75       0.0800      6.154
   15       -6.72        0.43       0.0888      6.116
   16       -6.70       -1.19       0.0877      6.146
   17       -6.69       -1.75       0.0693      6.062
   18       -6.62       -2.32       0.0727      6.246
   19       -6.62       -2.55       0.0715      6.224
   20       -6.61       -2.89       0.0729      6.266
   21       -6.60       -2.24       0.0878      6.247
   22       -6.60       -2.30       0.1025      6.447
   23       -6.59       -1.42       0.0826      6.198
   24       -6.59       -0.40       0.0774      5.892
   25       -6.56       -0.20       0.0691      5.774
   26       -6.54       -2.51       0.1079      6.818
   27       -6.46       -1.31       0.0526      5.953
   28       -6.46       -1.21       0.0781      5.640
   29       -6.44       -0.26       0.0502      5.698
   30       -6.40       -1.95       0.0972      6.294
   31       -6.38       -1.20       0.1147      7.014
   32       -6.34       -0.47       0.0775      6.031
   33       -6.30       -2.40       0.0806      6.315
   34       -6.29       -3.03       0.0592      6.523
   35       -6.27        1.88       0.0493      5.928
   36       -6.26        0.11       0.0859      6.243
   37       -6.25       -1.61       0.1275      7.177
   38       -6.21       -2.42       0.0546      5.759
   39       -6.20       -2.04       0.0956      7.102
   40       -6.20       -0.83       0.0360      5.571
   41       -6.19       -2.06       0.0522      6.272
   42       -6.17       -1.85       0.1095      6.538
   43       -6.15       -1.43       0.0477      5.898
   44       -6.15       -1.15       0.0671      6.288
   45       -6.15       -2.17       0.2078      6.517
   46       -6.13       -2.33       0.0941      6.268
   47       -6.13        0.24       0.0311      5.685
   48       -6.11       -2.48       0.0461      6.265
   49       -6.10       -0.31       0.1579      7.290
   50       -6.10       -2.99       0.2242      7.378
   51       -6.09       -2.49       0.1665      7.301
   52       -6.08       -3.44       0.2108      7.335
   53       -6.07       -2.13       0.1160      6.928
   54       -6.07        0.25       0.2375      7.070
   55       -6.06       -3.77       0.0302      5.536
   56       -6.05       -3.19       0.0509      5.918
   57       -6.03        6.94       0.0954      6.873
   58       -6.02       -3.60       0.0249      5.296
   59       -6.02       -2.58       0.0137      6.030
   60       -6.01       -2.90       0.0357      6.274
   61       -6.00       -3.26       0.0570      5.831
   62       -5.99       -2.27       0.2142      7.022
   63       -5.99       -3.12       0.0547      5.343
   64       -5.98       -1.95       0.1040      7.016
   65       -5.98       -3.78       0.0458      5.586
   66       -5.92        1.51       0.0157      5.787
   67       -5.92       -1.84       0.2359      6.559
   68       -5.88       -2.08       0.0786      5.804
   69       -5.87       -2.27       0.0485      6.118
   70       -5.86       -1.91       0.0857      6.206
   71       -5.86       -2.24       0.0064      5.273
   72       -5.86        2.49       0.1081      6.029
   73       -5.84       -1.07       0.0836      6.730
   74       -5.83       -1.41       0.0582      5.741
   75       -5.82       -1.43       0.1165      6.438
   76       -5.82       -2.43       0.0656      6.207
   77       -5.82       -2.21       0.0888      6.552
   78       -5.80       -1.70       0.0731      6.042
   79       -5.80       -1.07       0.0594      5.848
   80       -5.80       -1.51       0.0710      6.360
   81       -5.80       -1.57       0.2035      6.790
   82       -5.80       -2.18       0.0996      6.409
   83       -5.79       -2.48       0.0236      5.811
   84       -5.79       -1.01       0.1512      6.581
   85       -5.79       -1.49       0.1240      6.632
   86       -5.78       -3.00       0.0523      6.350
   87       -5.76       -2.31       0.0399      5.937
   88       -5.76       -1.35       0.0526      6.198
   89       -5.76       -1.16       0.0247      6.282
   90       -5.75       -2.46       0.0228      5.940
   91       -5.74       -1.65       0.1022      6.336
   92       -5.73       -0.91       0.0397      5.431
   93       -5.72       -3.23       0.0390      5.977
   94       -5.65       -1.50       0.0057      5.575
   95       -5.65       -0.64       0.0093      5.174
   96       -5.63       -1.53       0.0349      6.462
