==============================
*** Open Babel Warning  in Init
  Cannot initialize database 'space-groups.txt' which may cause further errors.
              _             
             (_)            
   __ _ _ __  _ _ __   __ _ 
  / _` | '_ \| | '_ \ / _` |
 | (_| | | | | | | | | (_| |
  \__, |_| |_|_|_| |_|\__,_|
   __/ |                    
  |___/                     

gnina v1.3 master:97fa6bc+   Built Oct  3 2024.
gnina is based on smina and AutoDock Vina.
Please cite appropriately.

Commandline: /home/lelaihoangson/ProDock/gnina/gnina --receptor /home/lelaihoangson/gnina/project/PD1/processed_protein/PD1.pdb --ligand /home/lelaihoangson/gnina/project/PD1/ligands/peptide_2_minimized.sdf --autobox_ligand /home/lelaihoangson/gnina/project/PD1/results_raw/peptide_2/petide_2_1.sdf --out /home/lelaihoangson/gnina/project/PD1/results_local/petide_2_1.sdf --flexdist_ligand /home/lelaihoangson/gnina/project/PD1/results_raw/peptide_2/petide_2_1.sdf --seed 42 --num_modes 100 --autobox_add 5 --pose_sort_order Energy --exhaustiveness 256
Using random seed: 42

0%   10   20   30   40   50   60   70   80   90   100%
|----|----|----|----|----|----|----|----|----|----|
***************************************************
peptide_2_NH.sdf | pose 0 | initial pose not within box

mode |  affinity  |  intramol  |    CNN     |   CNN
     | (kcal/mol) | (kcal/mol) | pose score | affinity
-----+------------+------------+------------+----------
    1       -7.84       -0.31       0.0481      6.026
    2       -7.83       -2.39       0.0402      6.533
    3       -7.83       -2.06       0.0506      6.612
    4       -7.77       -2.21       0.0354      5.829
    5       -7.76       -0.75       0.0622      6.082
    6       -7.74       -1.39       0.0379      5.737
    7       -7.74       -1.12       0.0398      5.656
    8       -7.62       -2.66       0.0330      5.486
    9       -7.47       -1.64       0.0615      6.553
   10       -7.41       -1.05       0.0075      5.385
   11       -7.18       -3.48       0.0102      5.344
   12       -7.14       -0.89       0.0460      5.966
   13       -7.04       -1.15       0.0485      5.708
   14       -7.01       -0.82       0.0530      6.227
   15       -6.98       -3.37       0.0175      5.599
   16       -6.95       -0.76       0.0250      5.878
   17       -6.95       -0.73       0.0366      5.998
   18       -6.94       -2.02       0.0449      5.824
   19       -6.92       -2.71       0.0322      5.904
   20       -6.92       -2.52       0.0234      5.790
   21       -6.88       -0.84       0.0319      5.880
   22       -6.88       -1.60       0.0382      5.748
   23       -6.86       -2.68       0.0239      5.474
   24       -6.86       -2.74       0.0232      5.812
   25       -6.85       -2.43       0.0612      5.915
   26       -6.82       -2.42       0.0352      5.986
   27       -6.82       -2.21       0.0354      5.920
   28       -6.81       -1.72       0.0382      6.042
   29       -6.78        3.59       0.0256      5.785
   30       -6.73        3.70       0.0321      5.793
   31       -6.63       -4.39       0.0096      5.585
   32       -6.58       -3.61       0.0158      5.587
   33       -6.56       -0.38       0.0505      5.901
   34       -6.56       -1.01       0.0265      5.101
   35       -6.51       -2.57       0.0682      5.714
   36       -6.51       -3.70       0.0447      5.357
   37       -6.48       -1.13       0.0192      5.163
   38       -6.47       -1.93       0.0384      5.680
   39       -6.47       -2.06       0.0412      5.740
   40       -6.45       -2.85       0.0329      6.009
   41       -6.45       -2.74       0.0325      5.299
   42       -6.44       -2.09       0.0376      5.126
   43       -6.42       -2.90       0.0054      4.467
   44       -6.42       -1.72       0.0223      5.175
   45       -6.41       -2.32       0.0261      4.944
   46       -6.37       -2.37       0.0239      5.795
   47       -6.36       -2.18       0.0344      5.538
   48       -6.35       -1.66       0.0960      6.070
   49       -6.33       -1.94       0.0311      5.570
   50       -6.33       -3.03       0.0344      5.487
   51       -6.32       -0.84       0.0669      5.109
   52       -6.32       -2.59       0.0223      5.506
   53       -6.31       -1.51       0.0910      6.106
   54       -6.31        0.17       0.0740      6.015
   55       -6.31       -1.30       0.0263      5.747
   56       -6.29       -2.29       0.0177      4.989
   57       -6.29        6.04       0.0353      5.448
   58       -6.29       -3.07       0.0585      5.566
   59       -6.29       -1.77       0.0271      5.956
   60       -6.28       -1.91       0.0509      5.708
   61       -6.26       -2.43       0.0291      5.634
   62       -6.26       -2.46       0.0851      6.314
   63       -6.23       -1.81       0.0060      4.878
   64       -6.22       -1.80       0.0443      5.815
   65       -6.22       -2.33       0.0714      5.742
   66       -6.22       -0.19       0.0448      5.856
   67       -6.21        3.17       0.0294      4.973
   68       -6.21       -1.17       0.0471      5.759
   69       -6.20       -2.99       0.0334      5.769
   70       -6.20       -1.76       0.0234      5.534
   71       -6.20       -3.03       0.0427      5.512
   72       -6.18       -2.84       0.0139      5.311
   73       -6.17       -3.96       0.0232      5.056
   74       -6.16       -2.61       0.0352      5.780
   75       -6.16       -1.94       0.1174      6.434
   76       -6.15       -2.95       0.0406      5.612
   77       -6.14       -2.03       0.0183      5.124
   78       -6.14        5.16       0.0292      5.291
   79       -6.13       -1.87       0.0291      5.409
   80       -6.12       -1.65       0.1147      6.663
   81       -6.08       -2.76       0.0548      6.264
   82       -6.05       -2.64       0.0309      5.516
   83       -6.03       -0.22       0.0704      6.094
   84       -6.03       -3.27       0.0464      5.930
   85       -6.02       -2.41       0.0510      6.425
   86       -6.02       -3.44       0.0453      5.526
   87       -6.00       -2.10       0.0453      5.684
   88       -5.99       -1.95       0.0162      4.674
   89       -5.99       -1.00       0.0499      5.522
   90       -5.98       -3.66       0.0062      4.637
   91       -5.98       -2.55       0.0100      4.514
   92       -5.98       -1.56       0.0234      5.345
   93       -5.97       -2.73       0.0329      5.297
   94       -5.95       -2.83       0.0122      5.736
   95       -5.88       -0.12       0.0357      5.092
