==============================
*** Open Babel Warning  in Init
  Cannot initialize database 'space-groups.txt' which may cause further errors.
              _             
             (_)            
   __ _ _ __  _ _ __   __ _ 
  / _` | '_ \| | '_ \ / _` |
 | (_| | | | | | | | | (_| |
  \__, |_| |_|_|_| |_|\__,_|
   __/ |                    
  |___/                     

gnina v1.3 master:97fa6bc+   Built Oct  3 2024.
gnina is based on smina and AutoDock Vina.
Please cite appropriately.

Commandline: /home/lelaihoangson/ProDock/gnina/gnina --receptor /home/lelaihoangson/gnina/project/PD1/processed_protein/PD1.pdb --ligand /home/lelaihoangson/gnina/project/PD1/ligands/peptide_1_minimized.sdf --autobox_ligand /home/lelaihoangson/gnina/project/PD1/ligands/petide_1_21.sdf --out /home/lelaihoangson/gnina/project/PD1/results_local/petide_1_21.sdf --flexdist_ligand /home/lelaihoangson/gnina/project/PD1/ligands/petide_1_21.sdf --seed 42 --num_modes 100 --autobox_add 5 --pose_sort_order Energy --exhaustiveness 256


Error: could not open "/home/lelaihoangson/gnina/project/PD1/ligands/petide_1_21.sdf" for reading.
==============================
*** Open Babel Warning  in Init
  Cannot initialize database 'space-groups.txt' which may cause further errors.
              _             
             (_)            
   __ _ _ __  _ _ __   __ _ 
  / _` | '_ \| | '_ \ / _` |
 | (_| | | | | | | | | (_| |
  \__, |_| |_|_|_| |_|\__,_|
   __/ |                    
  |___/                     

gnina v1.3 master:97fa6bc+   Built Oct  3 2024.
gnina is based on smina and AutoDock Vina.
Please cite appropriately.

Commandline: /home/lelaihoangson/ProDock/gnina/gnina --receptor /home/lelaihoangson/gnina/project/PD1/processed_protein/PD1.pdb --ligand /home/lelaihoangson/gnina/project/PD1/ligands/peptide_1_minimized.sdf --autobox_ligand /home/lelaihoangson/gnina/project/PD1/results_raw/peptide_1/petide_1_21.sdf --out /home/lelaihoangson/gnina/project/PD1/results_local/petide_1_21.sdf --flexdist_ligand /home/lelaihoangson/gnina/project/PD1/results_raw/peptide_1/petide_1_21.sdf --seed 42 --num_modes 100 --autobox_add 5 --pose_sort_order Energy --exhaustiveness 256
Using random seed: 42

0%   10   20   30   40   50   60   70   80   90   100%
|----|----|----|----|----|----|----|----|----|----|
***************************************************
peptide_1.sdf | pose 0 | initial pose not within box

mode |  affinity  |  intramol  |    CNN     |   CNN
     | (kcal/mol) | (kcal/mol) | pose score | affinity
-----+------------+------------+------------+----------
    1       -7.59       -1.26       0.0134      5.184
    2       -7.41       -0.57       0.0066      5.434
    3       -7.39       -0.78       0.0064      5.375
    4       -7.33       -2.42       0.0093      5.542
    5       -7.27       -0.85       0.0112      5.181
    6       -7.27       -1.28       0.0205      4.888
    7       -7.25       -3.33       0.0248      5.433
    8       -7.18       -1.40       0.0107      5.278
    9       -7.13       -1.48       0.0076      4.918
   10       -7.04       -1.45       0.0110      5.484
   11       -6.98        0.63       0.0207      5.804
   12       -6.96       -0.92       0.0112      5.382
   13       -6.96       -1.53       0.0058      5.435
   14       -6.93        0.95       0.0181      5.112
   15       -6.93       -1.62       0.0114      5.684
   16       -6.93       -1.12       0.0306      5.542
   17       -6.92       -0.51       0.0098      5.415
   18       -6.89       -0.37       0.0103      5.772
   19       -6.88       -1.55       0.0087      5.440
   20       -6.87       -0.18       0.0405      6.252
   21       -6.83       -2.54       0.0228      4.744
   22       -6.78       -2.27       0.0147      5.311
   23       -6.74       -0.53       0.0185      5.668
   24       -6.74       -2.03       0.0238      5.243
   25       -6.73       -2.40       0.0142      6.355
   26       -6.72       -0.53       0.0183      5.418
   27       -6.72       -0.55       0.0375      6.159
   28       -6.68       -2.16       0.0090      5.248
   29       -6.66       -1.47       0.0051      4.994
   30       -6.66       -2.41       0.0077      5.859
   31       -6.64       -3.30       0.0053      5.002
   32       -6.63       -2.35       0.0070      5.322
   33       -6.62       -1.66       0.0137      5.481
   34       -6.59       -2.81       0.0185      5.244
   35       -6.59       -2.38       0.0172      5.851
   36       -6.58       -1.05       0.0068      5.317
   37       -6.57       -2.79       0.0081      5.207
   38       -6.55       -2.16       0.0235      6.125
   39       -6.51       -2.78       0.0194      5.922
   40       -6.49       -3.47       0.0103      5.138
   41       -6.47       -2.65       0.0173      5.697
   42       -6.47       -2.48       0.0179      5.721
   43       -6.46       -1.77       0.0081      5.305
   44       -6.45       -1.15       0.0073      5.745
   45       -6.42       -2.47       0.0151      5.331
   46       -6.42       -1.04       0.0226      5.266
   47       -6.41       -0.48       0.0166      5.508
   48       -6.39        2.70       0.0073      5.474
   49       -6.39       -2.24       0.0262      5.462
   50       -6.37       -2.51       0.0131      5.970
   51       -6.36       -1.60       0.0217      6.204
   52       -6.35       -2.36       0.0205      5.045
   53       -6.29       -0.53       0.0107      5.835
   54       -6.29       -1.48       0.0279      5.796
   55       -6.26       -2.33       0.0517      6.005
   56       -6.22       -1.13       0.0099      5.830
   57       -6.22       -2.05       0.0152      5.853
   58       -6.19       -2.08       0.0186      5.515
   59       -6.12       -0.41       0.0242      5.969
   60       -6.10       -2.41       0.0362      6.417
   61       -6.08       -2.93       0.0200      5.634
   62       -6.05       -0.62       0.0147      5.909
   63       -6.04       -3.20       0.0076      5.106
   64       -6.03       -2.29       0.0540      6.755
   65       -6.03       -2.26       0.0494      5.528
   66       -6.00        1.09       0.0225      5.799
   67       -5.99       -1.55       0.0255      5.266
   68       -5.97       -2.27       0.0128      5.030
   69       -5.95       -2.12       0.0379      6.224
   70       -5.95       -3.05       0.0418      5.513
   71       -5.95        1.49       0.0084      5.057
   72       -5.95       -1.45       0.0251      5.737
   73       -5.95       -2.58       0.0147      5.673
   74       -5.93       -3.70       0.0080      5.153
   75       -5.93       -3.61       0.0352      5.802
   76       -5.91       -1.18       0.0274      5.757
   77       -5.91       -2.12       0.0078      5.734
   78       -5.89        0.17       0.0193      6.060
   79       -5.88       -2.00       0.0373      5.555
   80       -5.88       -1.51       0.0194      5.589
   81       -5.87       -2.27       0.0679      6.155
   82       -5.87        0.04       0.0167      6.066
   83       -5.86       -1.50       0.0109      5.822
   84       -5.85       -2.57       0.0256      5.408
   85       -5.84       -2.57       0.0145      5.183
   86       -5.84       -0.84       0.0153      6.129
   87       -5.78       -1.99       0.0307      6.026
   88       -5.78       -2.02       0.0134      6.218
   89       -5.76       -2.08       0.0398      5.676
   90       -5.76       -2.77       0.0066      5.631
   91       -5.73       -3.20       0.0084      5.029
   92       -5.66       -2.50       0.0519      5.863
