==============================
*** Open Babel Warning  in Init
  Cannot initialize database 'space-groups.txt' which may cause further errors.
              _             
             (_)            
   __ _ _ __  _ _ __   __ _ 
  / _` | '_ \| | '_ \ / _` |
 | (_| | | | | | | | | (_| |
  \__, |_| |_|_|_| |_|\__,_|
   __/ |                    
  |___/                     

gnina v1.3 master:97fa6bc+   Built Oct  3 2024.
gnina is based on smina and AutoDock Vina.
Please cite appropriately.

Commandline: /home/lelaihoangson/ProDock/gnina/gnina --receptor /home/lelaihoangson/gnina/project/PD1/processed_protein/PD1.pdb --ligand /home/lelaihoangson/gnina/project/PD1/ligands/peptide_2_minimized.sdf --autobox_ligand /home/lelaihoangson/gnina/project/PD1/results_raw/peptide_2/petide_2_4.sdf --out /home/lelaihoangson/gnina/project/PD1/results_local/petide_2_4.sdf --flexdist_ligand /home/lelaihoangson/gnina/project/PD1/results_raw/peptide_2/petide_2_4.sdf --seed 42 --num_modes 100 --autobox_add 5 --pose_sort_order Energy --exhaustiveness 256
Using random seed: 42

0%   10   20   30   40   50   60   70   80   90   100%
|----|----|----|----|----|----|----|----|----|----|
***************************************************
peptide_2_NH.sdf | pose 0 | initial pose not within box

mode |  affinity  |  intramol  |    CNN     |   CNN
     | (kcal/mol) | (kcal/mol) | pose score | affinity
-----+------------+------------+------------+----------
    1       -7.73       -2.65       0.0517      6.097
    2       -7.33       -1.24       0.0421      6.073
    3       -7.31       -3.10       0.0290      5.479
    4       -7.23       -1.04       0.0475      6.018
    5       -7.17       -1.18       0.0481      5.999
    6       -7.11       -2.90       0.0522      6.018
    7       -7.10        0.43       0.0494      5.775
    8       -7.09       -2.23       0.0403      5.724
    9       -7.09       -0.82       0.0124      5.373
   10       -7.07       -1.82       0.0434      5.794
   11       -7.07        4.12       0.0211      5.095
   12       -7.06       -0.56       0.0264      5.367
   13       -7.06       -1.65       0.0326      5.618
   14       -7.05       -1.39       0.0292      5.496
   15       -7.04       -0.49       0.0515      5.994
   16       -7.01       -2.04       0.0321      5.741
   17       -7.00       -2.72       0.0453      5.947
   18       -6.95       -0.16       0.0210      5.365
   19       -6.92       -2.01       0.0428      5.623
   20       -6.91       -0.47       0.0125      5.348
   21       -6.86       -1.30       0.0333      5.906
   22       -6.85       -2.34       0.0177      5.160
   23       -6.81        2.70       0.0204      5.111
   24       -6.79       -2.63       0.0310      5.790
   25       -6.78       -1.21       0.0174      5.154
   26       -6.74       -0.06       0.0644      5.026
   27       -6.72       -1.45       0.0352      5.279
   28       -6.71        7.32       0.0491      5.843
   29       -6.65       -2.17       0.0176      5.328
   30       -6.65       -1.54       0.0494      6.233
   31       -6.61        3.55       0.0442      5.432
   32       -6.55       -1.56       0.0426      4.655
   33       -6.53        0.04       0.0586      5.002
   34       -6.52       -1.64       0.0365      5.219
   35       -6.49       -2.46       0.0751      5.665
   36       -6.48        2.62       0.0429      5.458
   37       -6.47       -1.46       0.0564      5.543
   38       -6.47        2.75       0.0297      5.490
   39       -6.47       -1.18       0.0527      5.443
   40       -6.44       -1.28       0.0563      5.949
   41       -6.42        5.43       0.0331      5.522
   42       -6.42       -1.32       0.0370      5.327
   43       -6.41       -2.45       0.0410      5.658
   44       -6.41       -1.62       0.0590      5.639
   45       -6.40       -2.51       0.0196      5.384
   46       -6.38       -2.89       0.0176      5.689
   47       -6.37       -1.36       0.0236      5.254
   48       -6.36       -2.24       0.0527      6.142
   49       -6.36       -0.71       0.0632      5.733
   50       -6.34       -1.31       0.0413      5.660
   51       -6.33       -0.68       0.0400      5.955
   52       -6.31       -2.03       0.0444      5.863
   53       -6.31       -1.55       0.0266      5.147
   54       -6.30       -2.08       0.0536      6.007
   55       -6.28        1.71       0.0143      5.639
   56       -6.28       -2.22       0.0352      5.662
   57       -6.28       -3.68       0.0171      5.176
   58       -6.28       -2.25       0.0396      4.739
   59       -6.26       -3.68       0.0261      5.224
   60       -6.24       -2.43       0.0697      5.653
   61       -6.24       -1.99       0.0384      5.464
   62       -6.23       -2.93       0.0282      5.293
   63       -6.22       -1.33       0.0332      4.947
   64       -6.20       -3.55       0.0307      6.917
   65       -6.16       -2.63       0.1042      5.929
   66       -6.13       -1.03       0.0341      5.280
   67       -6.11       -1.33       0.0509      5.149
   68       -6.10       -1.86       0.0340      5.189
   69       -6.06       -0.85       0.0705      5.850
   70       -6.04       -0.33       0.0547      4.919
   71       -6.01       -2.98       0.0864      5.987
   72       -5.99       -1.06       0.0844      5.322
   73       -5.99       -2.53       0.0320      5.175
   74       -5.98       -1.43       0.0453      6.375
   75       -5.95       -2.76       0.0909      6.148
   76       -5.94       -0.79       0.0424      5.130
   77       -5.92       -2.13       0.0675      6.307
   78       -5.92       -1.97       0.0657      6.416
   79       -5.90       -1.99       0.0805      5.227
   80       -5.90       -4.38       0.0113      6.305
   81       -5.83       -2.41       0.0437      5.511
   82       -5.83       -2.73       0.0347      5.160
   83       -5.81       -1.23       0.0704      6.601
   84       -5.81       -3.40       0.0305      5.398
   85       -5.80       -1.84       0.0530      5.564
   86       -5.79       -1.81       0.0198      4.945
   87       -5.78       -1.19       0.0355      5.032
   88       -5.71       -3.06       0.0218      5.157
   89       -5.25       -2.70       0.0378      5.589
