==============================
*** Open Babel Warning  in Init
  Cannot initialize database 'space-groups.txt' which may cause further errors.
              _             
             (_)            
   __ _ _ __  _ _ __   __ _ 
  / _` | '_ \| | '_ \ / _` |
 | (_| | | | | | | | | (_| |
  \__, |_| |_|_|_| |_|\__,_|
   __/ |                    
  |___/                     

gnina v1.3 master:97fa6bc+   Built Oct  3 2024.
gnina is based on smina and AutoDock Vina.
Please cite appropriately.

Commandline: /home/lelaihoangson/ProDock/gnina/gnina --receptor /home/lelaihoangson/gnina/project/PD1/processed_protein/PD1.pdb --ligand /home/lelaihoangson/gnina/project/PD1/ligands/peptide_1_minimized.sdf --autobox_ligand /home/lelaihoangson/gnina/project/PD1/ligands/petide_1_12.sdf --out /home/lelaihoangson/gnina/project/PD1/results_local/petide_1_12.sdf --flexdist_ligand /home/lelaihoangson/gnina/project/PD1/ligands/petide_1_12.sdf --seed 42 --num_modes 100 --autobox_add 5 --pose_sort_order Energy --exhaustiveness 256


Error: could not open "/home/lelaihoangson/gnina/project/PD1/ligands/petide_1_12.sdf" for reading.
==============================
*** Open Babel Warning  in Init
  Cannot initialize database 'space-groups.txt' which may cause further errors.
              _             
             (_)            
   __ _ _ __  _ _ __   __ _ 
  / _` | '_ \| | '_ \ / _` |
 | (_| | | | | | | | | (_| |
  \__, |_| |_|_|_| |_|\__,_|
   __/ |                    
  |___/                     

gnina v1.3 master:97fa6bc+   Built Oct  3 2024.
gnina is based on smina and AutoDock Vina.
Please cite appropriately.

Commandline: /home/lelaihoangson/ProDock/gnina/gnina --receptor /home/lelaihoangson/gnina/project/PD1/processed_protein/PD1.pdb --ligand /home/lelaihoangson/gnina/project/PD1/ligands/peptide_1_minimized.sdf --autobox_ligand /home/lelaihoangson/gnina/project/PD1/results_raw/peptide_1/petide_1_12.sdf --out /home/lelaihoangson/gnina/project/PD1/results_local/petide_1_12.sdf --flexdist_ligand /home/lelaihoangson/gnina/project/PD1/results_raw/peptide_1/petide_1_12.sdf --seed 42 --num_modes 100 --autobox_add 5 --pose_sort_order Energy --exhaustiveness 256
Using random seed: 42

0%   10   20   30   40   50   60   70   80   90   100%
|----|----|----|----|----|----|----|----|----|----|
***************************************************
peptide_1.sdf | pose 0 | initial pose not within box

mode |  affinity  |  intramol  |    CNN     |   CNN
     | (kcal/mol) | (kcal/mol) | pose score | affinity
-----+------------+------------+------------+----------
    1       -7.61       -2.97       0.0145      5.414
    2       -7.45       -2.70       0.0167      5.322
    3       -7.31       -2.10       0.0153      5.170
    4       -7.15       -0.87       0.0090      5.536
    5       -7.06       -0.58       0.0084      4.763
    6       -7.03       -2.05       0.0078      5.471
    7       -6.99       -2.88       0.0154      4.680
    8       -6.92       -2.61       0.0082      5.151
    9       -6.91       -2.76       0.0119      5.435
   10       -6.88       -2.40       0.0147      5.263
   11       -6.84       -2.41       0.0162      4.675
   12       -6.82       -1.32       0.0269      4.512
   13       -6.76       -1.15       0.0150      5.611
   14       -6.74       -2.08       0.0107      5.410
   15       -6.69       -2.37       0.0200      4.586
   16       -6.66       -2.39       0.0105      4.436
   17       -6.66       -2.53       0.0140      5.166
   18       -6.65       -2.45       0.0071      4.720
   19       -6.64       -0.62       0.0285      4.509
   20       -6.63       -1.23       0.0118      5.080
   21       -6.61       -3.30       0.0062      4.612
   22       -6.60       -1.72       0.0107      5.290
   23       -6.53        2.43       0.0093      4.883
   24       -6.52       -1.01       0.0765      6.173
   25       -6.45       -2.17       0.0243      5.454
   26       -6.44       -1.45       0.0928      6.227
   27       -6.40       -2.43       0.0138      4.370
   28       -6.39       -2.05       0.0077      5.400
   29       -6.39       -2.81       0.0207      5.316
   30       -6.35       -2.02       0.0076      4.457
   31       -6.34       -2.84       0.0077      4.937
   32       -6.34       -1.18       0.0174      4.703
   33       -6.31       -0.90       0.0122      4.673
   34       -6.28       -1.80       0.0242      4.916
   35       -6.28       -2.40       0.0102      5.187
   36       -6.27       -2.37       0.0188      4.727
   37       -6.25       -2.74       0.0145      5.382
   38       -6.24       -2.27       0.0353      5.942
   39       -6.24       -2.44       0.0170      4.990
   40       -6.24       -2.33       0.0235      4.749
   41       -6.23       -2.00       0.0225      4.775
   42       -6.17       -1.77       0.0647      6.305
   43       -6.16       -2.38       0.0079      5.317
   44       -6.16       -1.67       0.0235      5.258
   45       -6.15       -1.60       0.0285      5.915
   46       -6.14       -3.45       0.0048      4.196
   47       -6.13        1.49       0.0079      5.199
   48       -6.12       -0.82       0.0111      5.077
   49       -6.12       -2.46       0.0345      4.992
   50       -6.07       -2.93       0.0173      4.937
   51       -6.03       -2.30       0.0185      4.719
   52       -6.00       -2.64       0.0107      4.709
   53       -5.94       -2.84       0.0228      4.752
   54       -5.92       -2.07       0.0204      4.654
   55       -5.92       -1.86       0.0455      5.415
   56       -5.90       -2.00       0.0313      5.042
   57       -5.87       -1.60       0.0112      4.658
   58       -5.86       -2.85       0.0128      4.982
   59       -5.86       -1.84       0.0289      5.475
   60       -5.86        0.97       0.0103      5.421
   61       -5.85       -2.50       0.0122      5.197
   62       -5.84       -2.90       0.0152      5.098
   63       -5.82       -1.97       0.0132      4.875
   64       -5.82       -2.16       0.0127      4.644
   65       -5.81       -3.26       0.0167      5.430
   66       -5.81       -1.62       0.0231      5.334
   67       -5.80       -2.76       0.0412      5.789
   68       -5.80        0.15       0.0279      5.081
   69       -5.79       -1.22       0.0108      4.579
   70       -5.79        0.70       0.0130      4.596
   71       -5.78       -2.04       0.0336      5.307
   72       -5.76       -2.99       0.0184      4.818
   73       -5.75       -1.28       0.0079      4.581
   74       -5.74       -2.37       0.0131      5.296
   75       -5.74       -2.83       0.0403      6.039
   76       -5.73       -2.72       0.0374      5.896
   77       -5.68       -3.15       0.0204      4.815
   78       -5.68       -1.63       0.0292      5.742
   79       -5.67       -1.90       0.0497      5.946
   80       -5.66       -2.55       0.0257      4.887
   81       -5.66       -3.02       0.0292      5.451
   82       -5.64       -1.22       0.0226      5.469
   83       -5.64       -0.10       0.0099      5.354
   84       -5.63        0.83       0.0199      6.038
   85       -5.61       -1.49       0.0210      5.109
   86       -5.61       -2.49       0.0202      5.991
   87       -5.61       -1.83       0.0130      5.336
   88       -5.60       -2.94       0.0589      5.648
   89       -5.59       -2.71       0.0196      4.719
   90       -5.58       -1.56       0.0207      4.750
   91       -5.58       -2.89       0.0198      5.062
   92       -5.57       -0.37       0.0568      5.693
   93       -5.57       -2.64       0.0174      5.125
   94       -5.55       -3.74       0.0183      5.227
   95       -5.54       -2.18       0.0134      4.922
   96       -5.46        0.83       0.0136      5.010
