==============================
*** Open Babel Warning  in Init
  Cannot initialize database 'space-groups.txt' which may cause further errors.
              _             
             (_)            
   __ _ _ __  _ _ __   __ _ 
  / _` | '_ \| | '_ \ / _` |
 | (_| | | | | | | | | (_| |
  \__, |_| |_|_|_| |_|\__,_|
   __/ |                    
  |___/                     

gnina v1.3 master:97fa6bc+   Built Oct  3 2024.
gnina is based on smina and AutoDock Vina.
Please cite appropriately.

Commandline: /home/lelaihoangson/ProDock/gnina/gnina --receptor /home/lelaihoangson/gnina/project/PD1/processed_protein/PD1.pdb --ligand /home/lelaihoangson/gnina/project/PD1/ligands/peptide_2_minimized.sdf --autobox_ligand /home/lelaihoangson/gnina/project/PD1/results_raw/peptide_2/petide_2_84.sdf --out /home/lelaihoangson/gnina/project/PD1/results_local/petide_2_84.sdf --flexdist_ligand /home/lelaihoangson/gnina/project/PD1/results_raw/peptide_2/petide_2_84.sdf --seed 42 --num_modes 100 --autobox_add 5 --pose_sort_order Energy --exhaustiveness 256
Using random seed: 42

0%   10   20   30   40   50   60   70   80   90   100%
|----|----|----|----|----|----|----|----|----|----|
***************************************************
peptide_2_NH.sdf | pose 0 | initial pose not within box

mode |  affinity  |  intramol  |    CNN     |   CNN
     | (kcal/mol) | (kcal/mol) | pose score | affinity
-----+------------+------------+------------+----------
    1       -6.66       -0.81       0.0115      5.294
    2       -6.54       -0.99       0.0344      5.841
    3       -6.49       -0.29       0.0332      5.618
    4       -6.49       -2.22       0.0080      4.980
    5       -6.45       -2.54       0.0589      6.149
    6       -6.44       -3.15       0.0658      6.367
    7       -6.43       -2.83       0.0374      5.381
    8       -6.40       -0.18       0.0370      6.171
    9       -6.39        0.76       0.0172      5.303
   10       -6.39       -0.26       0.0442      5.735
   11       -6.32       -1.45       0.0638      6.256
   12       -6.29       -0.71       0.0340      5.450
   13       -6.28       -0.50       0.0198      5.271
   14       -6.26       -1.24       0.0204      5.959
   15       -6.24       -1.23       0.0178      6.019
   16       -6.24       -2.42       0.0178      5.329
   17       -6.18       -0.84       0.0340      6.186
   18       -6.16       -0.39       0.0545      5.870
   19       -6.14        0.10       0.0295      6.407
   20       -6.11       -0.47       0.0137      5.493
   21       -6.11       -1.80       0.0605      6.265
   22       -6.09       -0.50       0.0251      5.377
   23       -6.09       -0.99       0.0990      6.744
   24       -6.08       -3.37       0.0565      5.547
   25       -6.07       -0.95       0.0360      6.369
   26       -6.06       -0.20       0.0501      5.956
   27       -6.06        6.39       0.0435      5.662
   28       -6.06       -3.10       0.0177      5.587
   29       -6.06       -3.12       0.0541      5.592
   30       -6.04       -0.83       0.0357      6.272
   31       -5.99       -1.11       0.0335      4.999
   32       -5.98       -1.33       0.0392      6.281
   33       -5.97       -2.38       0.0203      5.471
   34       -5.97       -1.02       0.0232      5.958
   35       -5.96       -0.82       0.0245      5.488
   36       -5.94       -2.72       0.0170      5.531
   37       -5.93       -1.72       0.1103      6.238
   38       -5.91       -2.68       0.1039      6.309
   39       -5.91       -3.04       0.0368      5.541
   40       -5.87        2.39       0.0740      5.782
   41       -5.87       -1.25       0.0750      5.897
   42       -5.86       -1.82       0.0252      5.195
   43       -5.85        6.62       0.0231      4.765
   44       -5.85       -2.43       0.0134      5.598
   45       -5.84       -1.09       0.0671      5.834
   46       -5.84       -2.57       0.0913      5.951
   47       -5.84       -2.25       0.0204      5.456
   48       -5.84       -2.86       0.0667      6.031
   49       -5.84       -3.33       0.0134      5.867
   50       -5.83       -1.11       0.0376      5.304
   51       -5.83       -1.19       0.0247      5.152
   52       -5.83       -1.60       0.0567      5.426
   53       -5.82       -0.80       0.0122      5.946
   54       -5.80       -2.08       0.0309      5.463
   55       -5.79       -2.10       0.0140      5.144
   56       -5.78       -0.52       0.0351      5.341
   57       -5.78       -0.43       0.0158      5.106
   58       -5.78       -2.43       0.0126      5.325
   59       -5.77       -0.15       0.0601      6.141
   60       -5.75        5.08       0.0247      5.146
   61       -5.75       -1.76       0.0494      6.533
   62       -5.74       -1.86       0.0376      5.932
   63       -5.72       -2.46       0.0489      5.100
   64       -5.69       -2.35       0.0102      5.451
   65       -5.69       -2.56       0.0216      5.050
   66       -5.67       -3.37       0.0188      4.694
   67       -5.66       -0.65       0.0362      5.684
   68       -5.66       -3.03       0.0149      5.044
   69       -5.65       -3.59       0.0222      4.746
   70       -5.65       -2.62       0.0156      5.783
   71       -5.63       -3.42       0.0152      5.728
   72       -5.62       -3.01       0.0146      5.778
   73       -5.62       -2.04       0.0513      5.471
   74       -5.60       -2.56       0.0284      5.409
   75       -5.60       -2.14       0.0187      5.233
   76       -5.60       -2.33       0.0183      5.886
   77       -5.59       -2.66       0.0128      4.971
   78       -5.59        2.53       0.0114      4.923
   79       -5.58       -3.14       0.0497      5.219
   80       -5.57       -1.31       0.0819      5.919
   81       -5.56       -2.15       0.0205      5.407
   82       -5.56       -3.54       0.0498      5.813
   83       -5.56       -0.76       0.0223      6.097
   84       -5.56       -0.97       0.0279      5.457
   85       -5.55       -3.91       0.0148      5.544
   86       -5.53       -3.96       0.0173      5.496
   87       -5.51       -1.77       0.0502      5.430
   88       -5.51       -3.12       0.0271      5.366
   89       -5.51       -0.75       0.0359      6.284
   90       -5.50       -2.19       0.0470      5.686
   91       -5.50       -1.22       0.0163      5.886
   92       -5.46       -1.64       0.0415      6.249
   93       -5.44       -3.22       0.0264      5.950
   94       -5.41        3.18       0.0304      5.243
   95       -5.40       -2.70       0.0247      5.244
   96       -5.38       -2.26       0.0698      5.482
