==============================
*** Open Babel Warning  in Init
  Cannot initialize database 'space-groups.txt' which may cause further errors.
              _             
             (_)            
   __ _ _ __  _ _ __   __ _ 
  / _` | '_ \| | '_ \ / _` |
 | (_| | | | | | | | | (_| |
  \__, |_| |_|_|_| |_|\__,_|
   __/ |                    
  |___/                     

gnina v1.3 master:97fa6bc+   Built Oct  3 2024.
gnina is based on smina and AutoDock Vina.
Please cite appropriately.

Commandline: /home/lelaihoangson/ProDock/gnina/gnina --receptor /home/lelaihoangson/gnina/project/PD1/processed_protein/PD1.pdb --ligand /home/lelaihoangson/gnina/project/PD1/ligands/peptide_1_minimized.sdf --autobox_ligand /home/lelaihoangson/gnina/project/PD1/results_raw/peptide_1/petide_1_32.sdf --out /home/lelaihoangson/gnina/project/PD1/results_local/petide_1_32.sdf --flexdist_ligand /home/lelaihoangson/gnina/project/PD1/results_raw/peptide_1/petide_1_32.sdf --seed 42 --num_modes 100 --autobox_add 5 --pose_sort_order Energy --exhaustiveness 256
Using random seed: 42

0%   10   20   30   40   50   60   70   80   90   100%
|----|----|----|----|----|----|----|----|----|----|
***************************************************
peptide_1.sdf | pose 0 | initial pose not within box

mode |  affinity  |  intramol  |    CNN     |   CNN
     | (kcal/mol) | (kcal/mol) | pose score | affinity
-----+------------+------------+------------+----------
    1       -7.16       -1.86       0.0288      6.694
    2       -7.02       -2.44       0.0714      6.996
    3       -7.01       -2.74       0.0911      7.619
    4       -6.98       -2.42       0.0263      6.424
    5       -6.97        0.71       0.0195      6.042
    6       -6.93       -1.10       0.0252      6.506
    7       -6.86       -2.81       0.0158      5.771
    8       -6.84       -1.14       0.0293      6.393
    9       -6.83       -0.69       0.0165      5.545
   10       -6.82       -1.79       0.0400      7.193
   11       -6.80       -2.60       0.0803      7.202
   12       -6.79       -2.20       0.0105      5.562
   13       -6.77       -2.32       0.1258      7.294
   14       -6.67       -1.77       0.0529      7.310
   15       -6.62       -3.16       0.1425      7.216
   16       -6.58       -0.66       0.0320      7.249
   17       -6.56       -0.94       0.0246      6.152
   18       -6.56       -1.53       0.0341      6.586
   19       -6.54       -1.36       0.0248      6.550
   20       -6.54       -2.03       0.0164      5.943
   21       -6.51       -1.57       0.0346      7.222
   22       -6.51       -1.65       0.0359      6.550
   23       -6.49       -2.84       0.0127      5.680
   24       -6.49       -1.93       0.0555      6.880
   25       -6.47       -1.88       0.0227      5.327
   26       -6.41       -1.27       0.0125      5.355
   27       -6.40       -2.23       0.0146      5.123
   28       -6.39       -2.89       0.0401      6.617
   29       -6.37       -2.80       0.0893      6.715
   30       -6.36       -0.91       0.0067      5.566
   31       -6.35       -3.09       0.0154      5.660
   32       -6.35       -3.08       0.0702      7.185
   33       -6.35       -1.30       0.0171      5.783
   34       -6.35       -2.10       0.0243      5.393
   35       -6.34       -0.92       0.0163      5.724
   36       -6.34       -0.90       0.0151      6.070
   37       -6.34       -0.04       0.0859      7.402
   38       -6.33       -3.82       0.0230      5.770
   39       -6.33       -1.02       0.0907      7.196
   40       -6.31       -1.30       0.0203      6.009
   41       -6.30       -2.30       0.0383      6.353
   42       -6.29       -2.57       0.0225      5.899
   43       -6.29       -1.96       0.0702      6.928
   44       -6.28       -2.67       0.0144      6.144
   45       -6.23       -3.16       0.0153      5.231
   46       -6.23       -1.17       0.0258      5.743
   47       -6.21        1.74       0.0996      6.913
   48       -6.20       -0.50       0.0078      6.072
   49       -6.20       -2.59       0.0059      5.800
   50       -6.19       -1.22       0.0439      6.700
   51       -6.19       -1.16       0.0152      5.829
   52       -6.18        0.56       0.0757      6.947
   53       -6.18       -0.97       0.0163      6.510
   54       -6.18       -0.76       0.0687      6.849
   55       -6.17       -3.08       0.0534      7.010
   56       -6.17       -1.23       0.0244      5.462
   57       -6.16       -2.46       0.0301      7.190
   58       -6.15       -1.46       0.0339      6.060
   59       -6.15       -2.01       0.0198      5.942
   60       -6.14       -0.66       0.0166      6.480
   61       -6.13       -2.89       0.0198      6.203
   62       -6.11       -1.56       0.0817      6.557
   63       -6.11       -1.71       0.0215      6.044
   64       -6.10        0.12       0.0222      6.271
   65       -6.09       -3.46       0.0992      6.365
   66       -6.08       -2.21       0.0202      6.259
   67       -6.08       -0.61       0.0082      6.310
   68       -6.07       -0.95       0.0106      6.344
   69       -6.06       -3.18       0.0534      6.454
   70       -6.05       -3.01       0.0217      5.469
   71       -6.04       -3.07       0.0632      6.275
   72       -6.02       -3.25       0.0094      6.137
   73       -6.02       -0.84       0.0251      6.365
   74       -6.02       -2.58       0.0407      7.457
   75       -6.02       -0.60       0.0792      6.741
   76       -6.01        0.07       0.0165      6.331
   77       -5.99       -0.75       0.0130      6.514
   78       -5.98       -0.37       0.0223      6.544
   79       -5.97       -3.14       0.0526      6.705
   80       -5.97        0.70       0.0103      6.235
   81       -5.97        1.52       0.0099      6.171
   82       -5.97       -2.29       0.0164      7.084
   83       -5.97       -2.33       0.0077      6.241
   84       -5.96       -2.02       0.0092      6.043
   85       -5.95       -1.12       0.0179      6.402
   86       -5.94       -2.20       0.0136      5.323
   87       -5.93       -2.67       0.0163      6.386
   88       -5.91        1.13       0.0318      5.919
   89       -5.89       -1.28       0.0611      6.126
   90       -5.88       -2.71       0.0115      6.260
   91       -5.88       -2.34       0.0270      7.154
   92       -5.86       -1.62       0.0148      5.581
   93       -5.82       -3.90       0.0101      5.512
   94       -5.80       -2.64       0.0185      5.643
   95       -5.79       -0.89       0.0392      6.248
   96       -5.79       -2.63       0.0175      5.559
   97       -5.71       -1.79       0.0395      6.372
