              _             
             (_)            
   __ _ _ __  _ _ __   __ _ 
  / _` | '_ \| | '_ \ / _` |
 | (_| | | | | | | | | (_| |
  \__, |_| |_|_|_| |_|\__,_|
   __/ |                    
  |___/                     

gnina v1.3 master:97fa6bc+   Built Oct  3 2024.
gnina is based on smina and AutoDock Vina.
Please cite appropriately.

Commandline: /home/lelaihoangson/ProDock/gnina/gnina --receptor /home/lelaihoangson/gnina/project/PD1/processed_protein/PD1.pdb --ligand /home/lelaihoangson/gnina/project/PD1/ligands/peptide_1_minimized.sdf --autobox_ligand /home/lelaihoangson/gnina/project/PD1/results_raw/peptide_1/petide_1_1.sdf --out /home/lelaihoangson/gnina/project/PD1/results_local/petide_1_1.sdf --flexdist_ligand /home/lelaihoangson/gnina/project/PD1/results_raw/peptide_1/petide_1_1.sdf --seed 42 --num_modes 100 --autobox_add 5 --pose_sort_order Energy --exhaustiveness 256
Using random seed: 42

0%   10   20   30   40   50   60   70   80   90   100%
|----|----|----|----|----|----|----|----|----|----|
***************************************************
peptide_1.sdf | pose 0 | initial pose not within box

mode |  affinity  |  intramol  |    CNN     |   CNN
     | (kcal/mol) | (kcal/mol) | pose score | affinity
-----+------------+------------+------------+----------
    1       -8.42        2.10       0.0071      5.612
    2       -8.20       -2.65       0.0074      5.568
    3       -8.20       -2.50       0.0078      5.481
    4       -8.06       -2.69       0.0094      5.713
    5       -7.96       -2.53       0.0078      5.596
    6       -7.95       -2.68       0.0110      5.026
    7       -7.77       -2.24       0.0188      5.922
    8       -7.70       -0.93       0.0090      5.473
    9       -7.70        0.21       0.0165      5.506
   10       -7.67       -3.23       0.0129      5.588
   11       -7.65       -1.31       0.0251      6.235
   12       -7.64       -2.20       0.0105      5.071
   13       -7.48       -1.73       0.0191      5.947
   14       -7.45       -3.09       0.0310      5.604
   15       -7.42       -1.80       0.0176      5.116
   16       -7.42       -2.10       0.0134      5.736
   17       -7.41       -1.55       0.0137      5.958
   18       -7.40       -3.34       0.0128      5.211
   19       -7.38       -1.44       0.0189      5.732
   20       -7.38       -3.23       0.0260      5.862
   21       -7.34       -2.73       0.0165      5.360
   22       -7.34       -1.15       0.0034      5.073
   23       -7.33       -1.44       0.0183      5.470
   24       -7.32       -1.34       0.0219      5.833
   25       -7.25       -2.50       0.0111      5.562
   26       -7.22       -2.65       0.0302      5.784
   27       -7.21       -2.57       0.0111      5.281
   28       -7.20       -2.39       0.0163      5.728
   29       -7.20       -3.52       0.0183      5.578
   30       -7.17       -1.22       0.0170      5.837
   31       -7.14       -1.62       0.0161      5.738
   32       -7.13       -2.43       0.0334      5.642
   33       -7.11       -2.07       0.0120      5.359
   34       -7.11       -2.31       0.0118      5.616
   35       -7.11       -0.10       0.0090      5.297
   36       -7.07       -1.21       0.0109      5.703
   37       -7.03       -1.38       0.0046      5.618
   38       -7.02       -2.82       0.0204      5.422
   39       -7.01       -0.64       0.0100      5.862
   40       -6.99       -0.25       0.0143      6.190
   41       -6.98       -1.20       0.0048      5.197
   42       -6.97       -0.93       0.0046      5.176
   43       -6.93       -3.46       0.0046      5.773
   44       -6.91       -1.96       0.0141      5.767
   45       -6.90       -1.21       0.0138      5.939
   46       -6.89       -2.51       0.0100      5.573
   47       -6.89       -2.64       0.0210      5.811
   48       -6.86       -3.26       0.0249      6.212
   49       -6.86       -2.24       0.0041      5.330
   50       -6.85       -2.60       0.0124      5.296
   51       -6.82       -2.38       0.0066      5.354
   52       -6.79       -2.55       0.0205      5.588
   53       -6.78       -1.34       0.0129      6.059
   54       -6.78       -1.08       0.0198      5.946
   55       -6.77       -2.24       0.0069      5.322
   56       -6.76       -2.37       0.0143      5.775
   57       -6.76       -1.68       0.0132      5.225
   58       -6.75       -3.31       0.0117      5.578
   59       -6.75       -2.74       0.0087      5.505
   60       -6.74       -3.78       0.0317      5.955
   61       -6.73       -0.20       0.0046      5.309
   62       -6.70       -2.45       0.0263      5.913
   63       -6.70       -3.45       0.0111      5.606
   64       -6.70       -2.75       0.0244      5.265
   65       -6.69       -1.52       0.0049      5.630
   66       -6.68       -2.05       0.0195      5.614
   67       -6.68       -1.00       0.0296      5.520
   68       -6.68       -2.08       0.0140      5.295
   69       -6.67       -1.81       0.0327      6.141
   70       -6.63       -3.07       0.0451      5.847
   71       -6.62       -2.74       0.0085      5.551
   72       -6.62       -3.17       0.0213      5.225
   73       -6.59       -2.59       0.0131      5.234
   74       -6.57       -0.43       0.0100      5.771
   75       -6.57       -2.79       0.0055      5.148
   76       -6.53       -1.50       0.0130      5.727
   77       -6.52       -1.14       0.0100      5.914
   78       -6.51       -1.56       0.0273      6.101
   79       -6.49       -2.18       0.0093      5.410
   80       -6.47       -3.00       0.0080      5.848
   81       -6.47       -2.06       0.0129      5.564
   82       -6.47       -2.76       0.0207      5.263
   83       -6.45       -2.21       0.0384      6.332
   84       -6.44       -2.85       0.0156      6.084
   85       -6.44       -2.26       0.0136      6.008
   86       -6.44       -1.68       0.0117      5.894
   87       -6.40       -3.17       0.0231      6.142
   88       -6.39       -1.62       0.0149      5.723
   89       -6.37       -0.79       0.0173      5.632
   90       -6.37       -2.00       0.0159      6.145
   91       -6.35       -2.42       0.0176      5.282
   92       -6.34       -2.42       0.0268      6.073
   93       -6.34       -3.10       0.0100      5.932
   94       -6.31       -2.21       0.0186      5.666
   95       -6.30       -2.82       0.0271      6.122
   96       -6.13       -2.07       0.0086      5.250
