==============================
*** Open Babel Warning  in Init
  Cannot initialize database 'space-groups.txt' which may cause further errors.
              _             
             (_)            
   __ _ _ __  _ _ __   __ _ 
  / _` | '_ \| | '_ \ / _` |
 | (_| | | | | | | | | (_| |
  \__, |_| |_|_|_| |_|\__,_|
   __/ |                    
  |___/                     

gnina v1.3 master:97fa6bc+   Built Oct  3 2024.
gnina is based on smina and AutoDock Vina.
Please cite appropriately.

Commandline: /home/lelaihoangson/ProDock/gnina/gnina --receptor /home/lelaihoangson/gnina/project/PD1/processed_protein/PD1.pdb --ligand /home/lelaihoangson/gnina/project/PD1/ligands/peptide_1_minimized.sdf --autobox_ligand /home/lelaihoangson/gnina/project/PD1/ligands/petide_1_24.sdf --out /home/lelaihoangson/gnina/project/PD1/results_local/petide_1_24.sdf --flexdist_ligand /home/lelaihoangson/gnina/project/PD1/ligands/petide_1_24.sdf --seed 42 --num_modes 100 --autobox_add 5 --pose_sort_order Energy --exhaustiveness 256


Error: could not open "/home/lelaihoangson/gnina/project/PD1/ligands/petide_1_24.sdf" for reading.
==============================
*** Open Babel Warning  in Init
  Cannot initialize database 'space-groups.txt' which may cause further errors.
              _             
             (_)            
   __ _ _ __  _ _ __   __ _ 
  / _` | '_ \| | '_ \ / _` |
 | (_| | | | | | | | | (_| |
  \__, |_| |_|_|_| |_|\__,_|
   __/ |                    
  |___/                     

gnina v1.3 master:97fa6bc+   Built Oct  3 2024.
gnina is based on smina and AutoDock Vina.
Please cite appropriately.

Commandline: /home/lelaihoangson/ProDock/gnina/gnina --receptor /home/lelaihoangson/gnina/project/PD1/processed_protein/PD1.pdb --ligand /home/lelaihoangson/gnina/project/PD1/ligands/peptide_1_minimized.sdf --autobox_ligand /home/lelaihoangson/gnina/project/PD1/results_raw/peptide_1/petide_1_24.sdf --out /home/lelaihoangson/gnina/project/PD1/results_local/petide_1_24.sdf --flexdist_ligand /home/lelaihoangson/gnina/project/PD1/results_raw/peptide_1/petide_1_24.sdf --seed 42 --num_modes 100 --autobox_add 5 --pose_sort_order Energy --exhaustiveness 256
Using random seed: 42

0%   10   20   30   40   50   60   70   80   90   100%
|----|----|----|----|----|----|----|----|----|----|
***************************************************
peptide_1.sdf | pose 0 | initial pose not within box

mode |  affinity  |  intramol  |    CNN     |   CNN
     | (kcal/mol) | (kcal/mol) | pose score | affinity
-----+------------+------------+------------+----------
    1       -7.30       -1.31       0.0238      5.781
    2       -7.24       -0.27       0.0237      5.856
    3       -7.12       -2.48       0.0150      5.582
    4       -7.08       -1.83       0.0313      5.979
    5       -7.03       -1.72       0.0179      5.592
    6       -6.95       -1.43       0.0248      5.879
    7       -6.95       -2.26       0.0067      4.767
    8       -6.95       -2.33       0.0185      5.859
    9       -6.88        2.65       0.0089      5.832
   10       -6.79       -1.59       0.0175      5.615
   11       -6.72       -1.68       0.0071      4.745
   12       -6.72       -2.05       0.0160      5.623
   13       -6.66       -1.03       0.0163      5.680
   14       -6.66       -2.94       0.0408      6.307
   15       -6.65       -2.15       0.0380      6.413
   16       -6.65       -1.86       0.0282      6.003
   17       -6.64       -2.53       0.0135      5.800
   18       -6.50       -0.71       0.0399      5.992
   19       -6.49       -2.29       0.0139      5.516
   20       -6.45       -0.77       0.0629      6.258
   21       -6.45       -0.34       0.0068      5.416
   22       -6.43       -1.12       0.0222      5.765
   23       -6.39       -2.28       0.0152      5.426
   24       -6.35       -2.85       0.0260      5.814
   25       -6.30       -0.51       0.0400      6.587
   26       -6.26       -1.47       0.0076      5.254
   27       -6.26       -2.45       0.0210      5.850
   28       -6.24       -0.12       0.0120      5.471
   29       -6.23       -2.76       0.0121      5.137
   30       -6.23       -2.19       0.0216      5.742
   31       -6.21       -0.46       0.0117      5.588
   32       -6.20       -0.72       0.0072      5.806
   33       -6.18       -1.87       0.0252      6.565
   34       -6.15       -1.61       0.0155      6.161
   35       -6.14       -1.95       0.0172      5.017
   36       -6.12       -3.40       0.0174      5.468
   37       -6.11       -2.39       0.0101      5.412
   38       -6.11       -0.65       0.0369      5.756
   39       -6.08       -1.13       0.0124      5.838
   40       -6.08       -1.34       0.0606      6.179
   41       -6.03       -2.89       0.0208      6.619
   42       -6.02       -2.31       0.0594      6.156
   43       -6.02       -1.03       0.0250      5.564
   44       -6.01       -3.00       0.0099      5.375
   45       -6.00       -1.58       0.0337      5.965
   46       -5.99       -1.42       0.0259      5.755
   47       -5.98       -3.42       0.0075      4.288
   48       -5.97       -1.54       0.0115      5.672
   49       -5.96       -1.77       0.0229      4.918
   50       -5.96       -1.47       0.0384      5.892
   51       -5.95       -3.22       0.0123      4.924
   52       -5.94       -1.61       0.0659      5.825
   53       -5.91       -1.02       0.0173      6.211
   54       -5.91       -0.43       0.0292      5.544
   55       -5.89       -2.40       0.0131      6.598
   56       -5.85       -2.11       0.0124      5.238
   57       -5.85       -2.79       0.0541      5.886
   58       -5.84       -2.95       0.0119      5.420
   59       -5.84       -2.99       0.0229      5.324
   60       -5.83       -1.10       0.0137      6.228
   61       -5.83       -3.61       0.0174      5.175
   62       -5.83       -1.13       0.0147      6.732
   63       -5.82        2.12       0.0189      5.988
   64       -5.81       -2.82       0.0374      6.101
   65       -5.81       -1.92       0.0189      4.955
   66       -5.79       -2.21       0.0261      6.014
   67       -5.76       -1.83       0.0115      4.866
   68       -5.73       -1.23       0.0216      4.756
   69       -5.72       -0.67       0.0158      5.076
   70       -5.72       -1.73       0.0179      6.118
   71       -5.69       -2.70       0.0126      5.970
   72       -5.66       -2.76       0.0318      5.654
   73       -5.65       -2.91       0.0277      5.735
   74       -5.64       -1.36       0.0174      5.382
   75       -5.64       -1.90       0.0160      5.506
   76       -5.64       -2.22       0.0133      4.664
   77       -5.63       -1.78       0.0213      5.655
   78       -5.63       -3.26       0.0308      5.948
   79       -5.63       -2.53       0.0184      5.985
   80       -5.62       -1.98       0.0309      5.739
   81       -5.62       -2.49       0.0160      4.966
   82       -5.61       -2.49       0.0392      5.492
   83       -5.56       -0.50       0.0086      5.181
   84       -5.55       -0.03       0.0215      5.925
   85       -5.55       -2.15       0.0329      5.509
   86       -5.53       -2.72       0.0234      5.275
   87       -5.52       -3.03       0.0532      5.962
   88       -5.51       -1.16       0.0316      5.378
   89       -5.49       -2.37       0.0253      5.327
   90       -5.48       -1.89       0.0154      5.292
   91       -5.48       -1.45       0.0206      5.484
   92       -5.46       -3.28       0.0081      4.716
   93       -5.45       -1.36       0.0099      4.962
   94       -5.45       -1.32       0.0308      5.475
