==============================
*** Open Babel Warning  in Init
  Cannot initialize database 'space-groups.txt' which may cause further errors.
              _             
             (_)            
   __ _ _ __  _ _ __   __ _ 
  / _` | '_ \| | '_ \ / _` |
 | (_| | | | | | | | | (_| |
  \__, |_| |_|_|_| |_|\__,_|
   __/ |                    
  |___/                     

gnina v1.3 master:97fa6bc+   Built Oct  3 2024.
gnina is based on smina and AutoDock Vina.
Please cite appropriately.

Commandline: /home/lelaihoangson/ProDock/gnina/gnina --receptor /home/lelaihoangson/gnina/project/PD1/processed_protein/PD1.pdb --ligand /home/lelaihoangson/gnina/project/PD1/ligands/peptide_1_minimized.sdf --autobox_ligand /home/lelaihoangson/gnina/project/PD1/ligands/petide_1_25.sdf --out /home/lelaihoangson/gnina/project/PD1/results_local/petide_1_25.sdf --flexdist_ligand /home/lelaihoangson/gnina/project/PD1/ligands/petide_1_25.sdf --seed 42 --num_modes 100 --autobox_add 5 --pose_sort_order Energy --exhaustiveness 256


Error: could not open "/home/lelaihoangson/gnina/project/PD1/ligands/petide_1_25.sdf" for reading.
==============================
*** Open Babel Warning  in Init
  Cannot initialize database 'space-groups.txt' which may cause further errors.
              _             
             (_)            
   __ _ _ __  _ _ __   __ _ 
  / _` | '_ \| | '_ \ / _` |
 | (_| | | | | | | | | (_| |
  \__, |_| |_|_|_| |_|\__,_|
   __/ |                    
  |___/                     

gnina v1.3 master:97fa6bc+   Built Oct  3 2024.
gnina is based on smina and AutoDock Vina.
Please cite appropriately.

Commandline: /home/lelaihoangson/ProDock/gnina/gnina --receptor /home/lelaihoangson/gnina/project/PD1/processed_protein/PD1.pdb --ligand /home/lelaihoangson/gnina/project/PD1/ligands/peptide_1_minimized.sdf --autobox_ligand /home/lelaihoangson/gnina/project/PD1/results_raw/peptide_1/petide_1_25.sdf --out /home/lelaihoangson/gnina/project/PD1/results_local/petide_1_25.sdf --flexdist_ligand /home/lelaihoangson/gnina/project/PD1/results_raw/peptide_1/petide_1_25.sdf --seed 42 --num_modes 100 --autobox_add 5 --pose_sort_order Energy --exhaustiveness 256
Using random seed: 42

0%   10   20   30   40   50   60   70   80   90   100%
|----|----|----|----|----|----|----|----|----|----|
***************************************************
peptide_1.sdf | pose 0 | initial pose not within box

mode |  affinity  |  intramol  |    CNN     |   CNN
     | (kcal/mol) | (kcal/mol) | pose score | affinity
-----+------------+------------+------------+----------
    1       -7.26       -1.89       0.0236      6.066
    2       -7.21       -1.93       0.0139      6.179
    3       -7.19       -1.73       0.0076      5.881
    4       -7.09       -2.34       0.0103      5.723
    5       -7.07       -0.39       0.0067      5.402
    6       -7.06       -1.51       0.0269      5.925
    7       -7.00       -2.21       0.0208      5.889
    8       -6.98       -0.20       0.0118      5.318
    9       -6.95       -2.00       0.0127      5.801
   10       -6.91       -1.53       0.0089      5.732
   11       -6.89       -2.53       0.0126      6.013
   12       -6.83       -2.00       0.0175      6.114
   13       -6.75       -2.05       0.0264      5.955
   14       -6.74       -2.55       0.0148      6.324
   15       -6.65       -1.24       0.0174      5.817
   16       -6.65       -2.25       0.0116      6.220
   17       -6.63       -3.19       0.0098      6.423
   18       -6.60       -1.59       0.0133      5.721
   19       -6.59       -3.18       0.0080      6.202
   20       -6.59       -0.77       0.0262      6.296
   21       -6.57       -2.07       0.0075      6.701
   22       -6.55       -2.33       0.0120      5.619
   23       -6.55       -1.29       0.0067      5.413
   24       -6.55       -2.31       0.0095      6.361
   25       -6.52       -0.11       0.0112      5.765
   26       -6.50        0.03       0.0132      6.720
   27       -6.50       -1.59       0.0048      5.892
   28       -6.46       -1.95       0.0142      6.775
   29       -6.45       -2.68       0.0030      5.284
   30       -6.43       -2.25       0.0073      5.321
   31       -6.42       -2.13       0.0182      5.762
   32       -6.41       -1.29       0.0123      6.327
   33       -6.41       -0.32       0.0077      6.635
   34       -6.40       -1.60       0.0186      6.190
   35       -6.40       -3.40       0.0189      6.685
   36       -6.38       -2.83       0.0228      6.772
   37       -6.37       -1.69       0.0035      5.491
   38       -6.37       -1.20       0.0169      6.800
   39       -6.36       -2.24       0.0103      6.219
   40       -6.36       -2.69       0.0133      6.049
   41       -6.36       -0.80       0.0162      5.595
   42       -6.36       -2.80       0.0281      6.696
   43       -6.36       -2.95       0.0089      5.525
   44       -6.32        1.23       0.0117      5.937
   45       -6.30       -2.54       0.0200      6.489
   46       -6.30       -2.97       0.0129      6.210
   47       -6.30       -1.54       0.0095      6.610
   48       -6.30       -1.99       0.0080      5.357
   49       -6.28       -2.91       0.0442      6.810
   50       -6.28       -1.92       0.0143      6.637
   51       -6.27       -0.24       0.0195      5.982
   52       -6.27       -1.75       0.0068      5.477
   53       -6.26       -1.75       0.0082      6.362
   54       -6.25       -3.04       0.0357      6.470
   55       -6.25       -2.26       0.0102      5.430
   56       -6.22       -0.81       0.0177      5.766
   57       -6.21       -1.97       0.0232      6.280
   58       -6.21       -1.89       0.0128      5.540
   59       -6.21       -1.19       0.0057      5.245
   60       -6.19       -1.06       0.0112      6.303
   61       -6.18       -2.20       0.0355      5.406
   62       -6.18       -2.94       0.0103      5.891
   63       -6.18       -1.51       0.0229      6.380
   64       -6.18       -2.12       0.0458      7.040
   65       -6.18       -2.82       0.0111      5.393
   66       -6.18       -2.44       0.0117      6.159
   67       -6.15       -3.12       0.0412      5.606
   68       -6.15       -3.46       0.0045      5.824
   69       -6.11       -2.73       0.0220      6.393
   70       -6.10       -1.98       0.0363      6.303
   71       -6.08       -0.85       0.0221      5.978
   72       -6.08       -1.57       0.0145      6.358
   73       -6.08       -0.64       0.0328      6.610
   74       -6.06       -1.22       0.0071      5.157
   75       -6.04       -0.86       0.0537      6.713
   76       -6.03       -1.78       0.0138      6.314
   77       -6.01       -3.28       0.0125      6.218
   78       -6.01       -1.41       0.0076      6.277
   79       -6.01       -1.31       0.0115      5.344
   80       -6.00       -3.03       0.0028      5.402
   81       -5.99       -2.23       0.0153      6.334
   82       -5.96       -1.24       0.0500      6.852
   83       -5.95       -2.54       0.0063      5.698
   84       -5.94       -1.40       0.0449      6.691
   85       -5.92       -1.64       0.0629      6.717
   86       -5.92       -2.53       0.0189      6.514
   87       -5.91       -2.49       0.0106      5.405
   88       -5.91       -2.09       0.0041      5.024
   89       -5.91       -2.56       0.0166      6.267
   90       -5.90       -1.36       0.0119      5.808
   91       -5.90       -1.21       0.0053      5.748
   92       -5.87       -1.62       0.0079      5.216
   93       -5.85       -0.21       0.0110      6.054
   94       -5.84       -0.81       0.0060      5.381
   95       -5.83       -2.16       0.0085      5.616
   96       -5.63       -2.71       0.0075      5.700
   97       -5.51       -0.90       0.0115      5.990
