              _             
             (_)            
   __ _ _ __  _ _ __   __ _ 
  / _` | '_ \| | '_ \ / _` |
 | (_| | | | | | | | | (_| |
  \__, |_| |_|_|_| |_|\__,_|
   __/ |                    
  |___/                     

gnina v1.3 master:97fa6bc+   Built Oct  3 2024.
gnina is based on smina and AutoDock Vina.
Please cite appropriately.

Commandline: /home/lelaihoangson/gnina/gnina -r PD1.pdb -l peptide_2_NH.sdf -o results/peptide_2_NH.sdf --config PD1_box.txt --exhaustiveness 256 --seed 42 --num_modes 100 --pose_sort_order Energy
Using random seed: 42

0%   10   20   30   40   50   60   70   80   90   100%
|----|----|----|----|----|----|----|----|----|----|
***************************************************
peptide_2_NH.sdf | pose 0 | initial pose not within box

mode |  affinity  |  intramol  |    CNN     |   CNN
     | (kcal/mol) | (kcal/mol) | pose score | affinity
-----+------------+------------+------------+----------
    1       -7.76       -1.46       0.0577      6.143
    2       -7.74       -1.07       0.0777      6.686
    3       -7.67       -0.90       0.0132      5.044
    4       -7.66       -1.69       0.0499      6.078
    5       -7.65       -2.22       0.0527      6.450
    6       -7.62       -0.60       0.0131      5.025
    7       -7.47       -2.37       0.0203      6.015
    8       -7.42       -2.79       0.0065      4.441
    9       -7.42       -3.58       0.0061      4.407
   10       -7.42       -2.32       0.0116      4.263
   11       -7.35       -2.80       0.0266      5.432
   12       -7.28       -3.70       0.0100      5.453
   13       -7.22       -1.33       0.0369      5.859
   14       -7.20       -1.57       0.0627      6.123
   15       -7.09       -1.86       0.0206      5.334
   16       -7.07       -2.51       0.0490      5.978
   17       -7.05        0.24       0.0288      6.037
   18       -7.03       -2.07       0.2422      7.788
   19       -7.01        3.98       0.0203      4.996
   20       -6.99       -0.00       0.0239      6.159
   21       -6.96       -2.53       0.0293      5.825
   22       -6.96       -1.52       0.0989      7.078
   23       -6.95       -2.29       0.0828      6.524
   24       -6.89       -0.92       0.0418      6.000
   25       -6.85       -1.49       0.0344      4.988
   26       -6.85       -3.53       0.0394      5.404
   27       -6.85       -2.22       0.0644      6.178
   28       -6.83       -1.20       0.0120      5.388
   29       -6.83       -1.77       0.0921      6.399
   30       -6.82       -1.83       0.0597      5.915
   31       -6.82       -2.65       0.0330      5.396
   32       -6.82       -2.22       0.0076      5.214
   33       -6.82       -2.65       0.0306      5.621
   34       -6.81       -2.79       0.0284      6.959
   35       -6.80       -1.53       0.0086      4.950
   36       -6.80       -1.54       0.0431      5.792
   37       -6.76       -0.69       0.0459      5.903
   38       -6.75       -0.75       0.0180      5.989
   39       -6.75       -1.95       0.0195      5.301
   40       -6.74       -1.28       0.0432      5.185
   41       -6.73       -2.72       0.0312      6.659
   42       -6.73       -1.64       0.0338      6.261
   43       -6.73       -2.00       0.0168      5.178
   44       -6.73       -2.78       0.0276      5.525
   45       -6.72       -1.57       0.0129      5.185
   46       -6.70       -2.54       0.0121      5.167
   47       -6.68        1.37       0.0197      5.839
   48       -6.66       -1.39       0.0193      4.874
   49       -6.65       -2.64       0.0208      5.544
   50       -6.65       -2.00       0.0909      6.440
   51       -6.64       -1.12       0.0272      5.820
   52       -6.63       -2.24       0.0168      5.399
   53       -6.62       -1.97       0.0196      5.054
   54       -6.61       -0.29       0.0211      6.349
   55       -6.59       -2.21       0.0682      6.076
   56       -6.58       -0.66       0.0396      5.692
   57       -6.58       -2.48       0.0325      5.743
   58       -6.57       -0.29       0.0534      4.953
   59       -6.57       -2.01       0.0299      5.420
   60       -6.56       -2.94       0.0915      5.714
   61       -6.56       -1.46       0.0251      5.918
   62       -6.56       -2.93       0.0763      5.455
   63       -6.55       -1.52       0.0187      5.354
   64       -6.55       -2.40       0.0202      5.292
   65       -6.54       -1.71       0.0632      5.034
   66       -6.53       -2.78       0.0058      4.599
   67       -6.53       -0.95       0.0315      5.729
   68       -6.53       -1.47       0.0162      4.741
   69       -6.51       -3.68       0.0121      4.679
   70       -6.51       -0.43       0.0193      5.458
   71       -6.51       -2.06       0.0838      6.387
   72       -6.50       -0.69       0.0145      4.714
   73       -6.49       -0.65       0.0307      6.128
   74       -6.49       -2.91       0.0087      5.109
   75       -6.48       -2.42       0.0790      5.790
   76       -6.47       -3.41       0.0213      5.548
   77       -6.47       -2.59       0.1027      6.301
   78       -6.46       -2.66       0.0438      5.099
   79       -6.46       -2.06       0.0554      6.179
   80       -6.45       -2.00       0.0847      6.198
   81       -6.44       -1.72       0.0429      5.692
   82       -6.44       -1.01       0.0217      5.689
   83       -6.43       -1.50       0.0268      5.274
   84       -6.42       -2.66       0.0097      5.339
   85       -6.42       -2.48       0.0191      5.320
   86       -6.40       -0.91       0.0231      5.132
   87       -6.40       -0.83       0.0390      6.292
   88       -6.39       -1.35       0.0615      5.908
   89       -6.39       -0.90       0.0361      5.632
   90       -6.38       -0.69       0.0259      4.733
   91       -6.38       -2.32       0.0205      5.951
   92       -6.38       -2.92       0.0135      4.877
   93       -6.37       -1.78       0.0535      6.084
   94       -6.36       -2.66       0.0373      6.371
   95       -6.36        4.92       0.0282      5.564
   96       -6.35       -2.93       0.0679      6.258
   97       -6.30       -2.35       0.0391      6.767
   98       -6.30       -1.59       0.0408      5.321
   99       -6.28       -1.02       0.0450      5.289
