             (_)            
   __ _ _ __  _ _ __   __ _ 
  / _` | '_ \| | '_ \ / _` |
 | (_| | | | | | | | | (_| |
  \__, |_| |_|_|_| |_|\__,_|
   __/ |                    
  |___/                     

gnina v1.3 master:97fa6bc+   Built Oct  3 2024.
gnina is based on smina and AutoDock Vina.
Please cite appropriately.

Commandline: /home/lelaihoangson/gnina/gnina -r PD1.pdb -l peptide_1.sdf -o results/peptide_1.sdf --config PD1_box.txt --exhaustiveness 256 --seed 42 --num_modes 100 --pose_sort_order Energy --cpu 40 --device 0
Using random seed: 42

0%   10   20   30   40   50   60   70   80   90   100%
|----|----|----|----|----|----|----|----|----|----|
***************************************************
peptide_1.sdf | pose 0 | initial pose not within box

mode |  affinity  |  intramol  |    CNN     |   CNN
     | (kcal/mol) | (kcal/mol) | pose score | affinity
-----+------------+------------+------------+----------
    1       -8.25        1.17       0.0072      5.542
    2       -8.11       -2.17       0.0100      5.781
    3       -7.96       -0.37       0.0091      5.256
    4       -7.94       -2.69       0.0328      6.047
    5       -7.90       -2.69       0.0132      5.164
    6       -7.74       -2.05       0.0074      5.637
    7       -7.69       -2.22       0.0222      6.054
    8       -7.67       -2.99       0.0297      6.048
    9       -7.66       -3.14       0.0127      5.376
   10       -7.65       -2.92       0.0124      5.497
   11       -7.64       -2.09       0.0088      4.988
   12       -7.62       -2.29       0.0141      5.358
   13       -7.58       -0.75       0.0112      5.861
   14       -7.57       -2.72       0.0267      5.717
   15       -7.55       -1.38       0.0126      5.754
   16       -7.51       -2.49       0.0423      6.086
   17       -7.48       -1.73       0.0135      5.702
   18       -7.43       -3.03       0.0150      5.369
   19       -7.40       -1.83       0.0107      5.556
   20       -7.33       -2.88       0.0163      5.371
   21       -7.32       -3.11       0.0123      5.098
   22       -7.28       -0.98       0.0131      5.675
   23       -7.27        0.38       0.0049      5.179
   24       -7.24       -2.35       0.0293      5.971
   25       -7.22       -1.94       0.0284      5.775
   26       -7.21       -1.54       0.0147      5.864
   27       -7.19       -1.62       0.0261      5.502
   28       -7.19       -2.38       0.0288      5.834
   29       -7.16       -1.68       0.0102      5.948
   30       -7.15       -1.65       0.0034      5.105
   31       -7.13       -2.98       0.0119      6.157
   32       -7.05       -1.67       0.0325      6.732
   33       -7.04       -2.21       0.0123      5.623
   34       -6.99       -1.96       0.0102      5.392
   35       -6.98       -2.15       0.0076      5.366
   36       -6.98       -2.03       0.0057      5.376
   37       -6.96       -2.89       0.0134      5.504
   38       -6.95       -1.32       0.0125      5.847
   39       -6.95       -2.48       0.0165      5.511
   40       -6.94       -0.76       0.0073      5.263
   41       -6.93       -2.68       0.0186      6.208
   42       -6.92       -1.24       0.0262      6.236
   43       -6.88       -2.31       0.0070      5.000
   44       -6.88       -2.19       0.0360      5.689
   45       -6.87       -3.31       0.0137      5.720
   46       -6.87       -3.48       0.0353      6.184
   47       -6.87       -1.02       0.0256      5.321
   48       -6.85       -2.25       0.0053      5.843
   49       -6.84       -1.95       0.0169      5.658
   50       -6.84       -3.13       0.0238      5.321
   51       -6.82       -2.89       0.0236      5.585
   52       -6.82       -0.68       0.0305      6.179
   53       -6.81       -2.30       0.0094      5.547
   54       -6.80       -1.61       0.0091      6.586
   55       -6.80       -3.19       0.0057      5.629
   56       -6.79       -1.65       0.0712      7.052
   57       -6.79       -1.90       0.0104      5.258
   58       -6.78       -0.94       0.0171      5.336
   59       -6.78       -1.07       0.0144      5.591
   60       -6.78       -2.61       0.0210      5.794
   61       -6.76       -1.91       0.0102      5.700
   62       -6.76       -2.73       0.0076      5.310
   63       -6.76       -0.53       0.0130      5.895
   64       -6.75       -2.48       0.0160      6.802
   65       -6.75       -2.52       0.0115      5.188
   66       -6.74       -1.42       0.0092      6.613
   67       -6.72       -3.04       0.0117      5.333
   68       -6.71       -3.09       0.0118      5.614
   69       -6.71       -1.73       0.0059      5.307
   70       -6.71       -2.31       0.0310      5.846
   71       -6.71       -2.40       0.0148      5.612
   72       -6.70       -2.37       0.0424      6.385
   73       -6.69       -2.31       0.0113      4.467
   74       -6.69       -2.63       0.0098      5.339
   75       -6.69       -1.86       0.0063      5.963
   76       -6.68       -1.81       0.0068      5.522
   77       -6.67       -2.30       0.0163      5.751
   78       -6.67       -0.18       0.0201      6.275
   79       -6.67       -2.83       0.0384      6.022
   80       -6.66       -1.63       0.0778      6.272
   81       -6.65       -2.88       0.0396      6.828
   82       -6.64       -2.97       0.0061      5.721
   83       -6.64       -1.70       0.0166      5.922
   84       -6.62       -0.99       0.0072      4.894
   85       -6.62       -1.83       0.0122      5.673
   86       -6.59       -1.57       0.0406      6.435
   87       -6.59       -1.71       0.0125      6.201
   88       -6.58       -2.41       0.0074      5.426
   89       -6.58       -2.31       0.0248      6.663
   90       -6.58       -2.96       0.0224      6.242
   91       -6.56       -2.97       0.0116      6.070
   92       -6.56       -2.72       0.0114      4.599
   93       -6.56        1.22       0.0062      5.506
   94       -6.55       -2.43       0.0071      5.680
   95       -6.55       -2.35       0.0209      6.533
   96       -6.54       -1.07       0.0102      5.883
   97       -6.53       -2.59       0.0193      5.752
   98       -6.51       -2.66       0.0218      5.844
   99       -6.50       -2.42       0.0159      5.551
