==============================
*** Open Babel Warning  in Init
  Cannot initialize database 'space-groups.txt' which may cause further errors.
              _             
             (_)            
   __ _ _ __  _ _ __   __ _ 
  / _` | '_ \| | '_ \ / _` |
 | (_| | | | | | | | | (_| |
  \__, |_| |_|_|_| |_|\__,_|
   __/ |                    
  |___/                     

gnina v1.3 master:97fa6bc+   Built Oct  3 2024.
gnina is based on smina and AutoDock Vina.
Please cite appropriately.

Commandline: /home/lelaihoangson/ProDock/gnina/gnina --receptor /home/lelaihoangson/gnina/project/PD1/processed_protein/PD1.pdb --ligand /home/lelaihoangson/gnina/project/PD1/ligands/peptide_3_minimized.sdf --out /home/lelaihoangson/gnina/project/PD1/results_raw/peptide_3.sdf --config /home/lelaihoangson/gnina/project/PD1/processed_protein/PD1_box.txt --exhaustiveness 256 --seed 42 --num_modes 100 --pose_sort_order Energy --cpu 40 --device 0
Using random seed: 42

0%   10   20   30   40   50   60   70   80   90   100%
|----|----|----|----|----|----|----|----|----|----|
***************************************************

mode |  affinity  |  intramol  |    CNN     |   CNN
     | (kcal/mol) | (kcal/mol) | pose score | affinity
-----+------------+------------+------------+----------
    1       -7.66       -2.04       0.0098      5.371
    2       -7.49       -2.20       0.0302      5.949
    3       -7.42       -2.10       0.0254      5.743
    4       -7.34       -1.07       0.0352      6.425
    5       -7.28       -2.97       0.0477      6.996
    6       -7.18       -2.12       0.0104      5.932
    7       -7.17       -2.20       0.0406      6.463
    8       -7.16       -1.42       0.0309      7.061
    9       -7.15       -2.03       0.0344      6.451
   10       -7.10       -3.07       0.0419      6.527
   11       -7.01       -2.21       0.0057      5.491
   12       -6.94       -2.70       0.0048      5.477
   13       -6.91       -2.89       0.0113      5.657
   14       -6.87       -3.21       0.0200      6.021
   15       -6.85       -2.92       0.0110      5.438
   16       -6.81       -2.70       0.0185      6.096
   17       -6.80       -3.92       0.0219      6.274
   18       -6.77       -2.49       0.0192      5.872
   19       -6.76       -3.46       0.0109      5.309
   20       -6.76       -3.25       0.0137      6.178
   21       -6.75       -2.54       0.0283      5.647
   22       -6.74       -1.72       0.0157      5.459
   23       -6.73       -2.03       0.0363      5.439
   24       -6.72       -2.23       0.0277      6.939
   25       -6.71       -1.57       0.0066      5.171
   26       -6.71       -2.89       0.0252      6.582
   27       -6.69       -2.94       0.0106      5.247
   28       -6.68       -2.69       0.0168      6.548
   29       -6.68       -2.14       0.0416      6.294
   30       -6.68       -2.22       0.0208      6.189
   31       -6.67       -1.85       0.0217      6.292
   32       -6.67       -1.53       0.0285      6.594
   33       -6.67       -3.90       0.0149      5.450
   34       -6.66       -1.88       0.0333      6.182
   35       -6.66       -3.40       0.0343      5.435
   36       -6.66       -2.58       0.0248      5.501
   37       -6.65       -3.11       0.0272      6.348
   38       -6.63       -2.76       0.0469      6.260
   39       -6.63       -2.25       0.0154      5.939
   40       -6.62       -2.50       0.0196      6.100
   41       -6.62       -3.32       0.0194      6.139
   42       -6.60       -3.22       0.0301      5.971
   43       -6.57       -2.89       0.0229      6.146
   44       -6.55       -2.96       0.0128      5.888
   45       -6.53       -3.26       0.0097      5.323
   46       -6.53       -3.12       0.0060      5.786
   47       -6.52       -2.64       0.0166      5.246
   48       -6.51       -2.12       0.0113      5.605
   49       -6.51       -2.04       0.0153      5.368
   50       -6.48       -3.30       0.0245      5.769
   51       -6.47       -2.55       0.0156      5.355
   52       -6.47       -3.21       0.0081      4.837
   53       -6.47       -2.42       0.0453      5.788
   54       -6.47       -1.80       0.0299      5.999
   55       -6.47       -3.73       0.0461      6.532
   56       -6.45       -2.01       0.0357      6.438
   57       -6.44       -1.61       0.0321      5.549
   58       -6.44       -2.37       0.0132      5.402
   59       -6.44       -2.97       0.0265      5.488
   60       -6.44       -3.04       0.0100      4.991
   61       -6.43       -3.03       0.0242      6.537
   62       -6.43       -1.91       0.0055      5.473
   63       -6.42       -3.53       0.0379      6.961
   64       -6.40       -2.42       0.0072      5.324
   65       -6.40       -1.81       0.0102      5.683
   66       -6.38        2.35       0.0107      5.660
   67       -6.37       -2.36       0.0342      6.556
   68       -6.36       -3.35       0.0223      6.245
   69       -6.36       -3.60       0.0105      5.345
   70       -6.36       -2.60       0.0169      5.798
   71       -6.35       -2.79       0.0143      6.458
   72       -6.35       -3.02       0.0076      5.576
   73       -6.34       -3.22       0.0222      6.287
   74       -6.32       -2.34       0.0238      6.595
   75       -6.31       -3.51       0.0699      6.809
   76       -6.31       -3.09       0.0465      5.645
   77       -6.30       -2.61       0.0190      5.498
   78       -6.30       -2.53       0.1368      7.197
   79       -6.28       -2.61       0.0137      5.572
   80       -6.28       -3.64       0.0102      5.491
   81       -6.27       -3.51       0.0541      6.193
   82       -6.27       -3.20       0.0241      6.384
   83       -6.27       -3.81       0.0486      6.158
   84       -6.26       -2.22       0.0255      7.241
   85       -6.26       -3.03       0.0174      5.423
   86       -6.26       -3.59       0.0129      5.243
   87       -6.24       -2.02       0.0053      5.626
   88       -6.23       -3.13       0.0229      6.024
   89       -6.23       -0.60       0.0326      5.892
   90       -6.23       -2.37       0.0254      5.245
   91       -6.23       -0.08       0.0238      5.405
   92       -6.22       -2.49       0.0226      5.588
   93       -6.21       -3.75       0.0271      6.049
   94       -6.20       -2.38       0.0248      6.283
   95       -6.20       -3.57       0.0121      6.151
   96       -6.15       -3.20       0.0161      6.103
   97       -6.15       -2.56       0.0167      6.080
   98       -6.14       -3.09       0.0127      5.515
   99       -6.14       -2.61       0.0395      6.326
